<?xml version="1.0" encoding="utf-8"?>
<TestRun id="a0b01c2b-8a16-49fb-aa5c-9c6ddd62ac66" name="@ubuntu-4gb-nbg1-1 2025-12-29 01:11:48" xmlns="http://microsoft.com/schemas/VisualStudio/TeamTest/2010">
  <Times creation="2025-12-29T01:11:48.0340924+00:00" queuing="2025-12-29T01:11:48.0340925+00:00" start="2025-12-29T01:11:47.1735545+00:00" finish="2025-12-29T01:13:22.0832832+00:00" />
  <TestSettings name="default" id="90b79b17-ab59-4f96-803b-8531e941571f">
    <Deployment runDeploymentRoot="_ubuntu-4gb-nbg1-1_2025-12-29_01_11_48" />
  </TestSettings>
  <Results>
    <UnitTestResult executionId="70c97607-c3a8-4e41-bc6e-a9543ef35028" testId="0133b695-34a9-21f8-a00a-b77abdf4b15e" testName="CommandGenerator.Tests.Generator.CommandGeneratorTests.Generate_Queue_ShouldContainCurrentQueue" computerName="ubuntu-4gb-nbg1-1" duration="00:00:00.0457571" startTime="2025-12-29T01:11:51.0759809+00:00" endTime="2025-12-29T01:11:51.0759812+00:00" testType="13cdc9d9-ddb5-4fa4-a97d-d965ccfc6d4b" outcome="Passed" testListId="8c84fa94-04c1-424b-9868-57a2d4851a1d" relativeResultsDirectory="70c97607-c3a8-4e41-bc6e-a9543ef35028" />
    <UnitTestResult executionId="5d667d09-d3f1-4a89-ab41-35e3de5d2061" testId="b2f869b9-6910-c66f-c157-c6b478a3480a" testName="CommandGenerator.Tests.Runtime.CommandPoolAdvancedTests.DictionaryField_AfterReturn_ShouldStillBeUsable" computerName="ubuntu-4gb-nbg1-1" duration="00:00:00.0092640" startTime="2025-12-29T01:11:53.0693122+00:00" endTime="2025-12-29T01:11:53.0693123+00:00" testType="13cdc9d9-ddb5-4fa4-a97d-d965ccfc6d4b" outcome="Passed" testListId="8c84fa94-04c1-424b-9868-57a2d4851a1d" relativeResultsDirectory="5d667d09-d3f1-4a89-ab41-35e3de5d2061" />
    <UnitTestResult executionId="2e3e7c15-3b1b-4334-9cb5-ae644b0ecaef" testId="911bd134-eb2e-b076-e794-ad8c5a87bbdc" testName="CommandGenerator.Tests.Attributes.CommandAttributeTests.CommandQueueAttribute_ShouldHaveCorrectUsage" computerName="ubuntu-4gb-nbg1-1" duration="00:00:00.0045360" startTime="2025-12-29T01:11:53.3705827+00:00" endTime="2025-12-29T01:11:53.3705828+00:00" testType="13cdc9d9-ddb5-4fa4-a97d-d965ccfc6d4b" outcome="Passed" testListId="8c84fa94-04c1-424b-9868-57a2d4851a1d" relativeResultsDirectory="2e3e7c15-3b1b-4334-9cb5-ae644b0ecaef" />
    <UnitTestResult executionId="b3961404-7f99-4019-9416-9e77bbbf3f18" testId="f9876232-628e-dc55-8777-c4b6f9b99152" testName="CommandGenerator.Tests.Runtime.CommandPoolTests.Rent_ShouldReturnNonNullInstance" computerName="ubuntu-4gb-nbg1-1" duration="00:00:00.0002826" startTime="2025-12-29T01:11:53.0201931+00:00" endTime="2025-12-29T01:11:53.0201936+00:00" testType="13cdc9d9-ddb5-4fa4-a97d-d965ccfc6d4b" outcome="Passed" testListId="8c84fa94-04c1-424b-9868-57a2d4851a1d" relativeResultsDirectory="b3961404-7f99-4019-9416-9e77bbbf3f18" />
    <UnitTestResult executionId="1dba3198-4ef6-4fe6-bd1b-e8ed6407c609" testId="1d165079-33b9-2695-4f34-0e5a25409c14" testName="CommandGenerator.Tests.Runtime.CommandPoolAdvancedTests.ConcurrentRentReturn_With100Threads_MixedOperations_ShouldNotThrow" computerName="ubuntu-4gb-nbg1-1" duration="00:01:28.8082469" startTime="2025-12-29T01:13:21.9104580+00:00" endTime="2025-12-29T01:13:21.9104585+00:00" testType="13cdc9d9-ddb5-4fa4-a97d-d965ccfc6d4b" outcome="Passed" testListId="8c84fa94-04c1-424b-9868-57a2d4851a1d" relativeResultsDirectory="1dba3198-4ef6-4fe6-bd1b-e8ed6407c609" />
    <UnitTestResult executionId="ed5a18e4-89e8-46f5-9b57-271bc22c74bb" testId="25d98bcc-3fba-0568-0ffb-ec604ef0a64a" testName="CommandGenerator.Tests.Generator.CommandGeneratorTests.Generate_CommandQueue_ShouldProduceNoErrors" computerName="ubuntu-4gb-nbg1-1" duration="00:00:00.1009885" startTime="2025-12-29T01:11:51.9079577+00:00" endTime="2025-12-29T01:11:51.9079581+00:00" testType="13cdc9d9-ddb5-4fa4-a97d-d965ccfc6d4b" outcome="Passed" testListId="8c84fa94-04c1-424b-9868-57a2d4851a1d" relativeResultsDirectory="ed5a18e4-89e8-46f5-9b57-271bc22c74bb" />
    <UnitTestResult executionId="6b6e3cea-c527-477a-a9bb-deddc75ffcd0" testId="e789d76c-802d-1c03-7009-2ffdd7c0c6a6" testName="CommandGenerator.Tests.Generator.CommandGeneratorAdvancedTests.Command_WithMultipleQueueAttributes_ShouldCompile" computerName="ubuntu-4gb-nbg1-1" duration="00:00:00.1528229" startTime="2025-12-29T01:11:51.3942708+00:00" endTime="2025-12-29T01:11:51.3942711+00:00" testType="13cdc9d9-ddb5-4fa4-a97d-d965ccfc6d4b" outcome="Passed" testListId="8c84fa94-04c1-424b-9868-57a2d4851a1d" relativeResultsDirectory="6b6e3cea-c527-477a-a9bb-deddc75ffcd0" />
    <UnitTestResult executionId="c1481551-1634-4a45-8547-8fae48ae9be0" testId="e79d62d1-6c24-4a60-b20e-1e3f6e8061c6" testName="CommandGenerator.Tests.Runtime.CommandPoolConfigTests.InitialCapacity_ShouldBeReadable" computerName="ubuntu-4gb-nbg1-1" duration="00:00:00.0008274" startTime="2025-12-29T01:11:47.9816599+00:00" endTime="2025-12-29T01:11:47.9816600+00:00" testType="13cdc9d9-ddb5-4fa4-a97d-d965ccfc6d4b" outcome="Passed" testListId="8c84fa94-04c1-424b-9868-57a2d4851a1d" relativeResultsDirectory="c1481551-1634-4a45-8547-8fae48ae9be0" />
    <UnitTestResult executionId="12f603ae-c4a9-4260-a61e-9d61bfbac632" testId="464b9eb1-3e9e-1708-e060-c2fc90a1a2da" testName="CommandGenerator.Tests.Generator.CommandGeneratorTests.Generator_ShouldHaveGeneratorAttribute" computerName="ubuntu-4gb-nbg1-1" duration="00:00:00.0040729" startTime="2025-12-29T01:11:51.6451862+00:00" endTime="2025-12-29T01:11:51.6451866+00:00" testType="13cdc9d9-ddb5-4fa4-a97d-d965ccfc6d4b" outcome="Passed" testListId="8c84fa94-04c1-424b-9868-57a2d4851a1d" relativeResultsDirectory="12f603ae-c4a9-4260-a61e-9d61bfbac632" />
    <UnitTestResult executionId="f280c028-4205-4b4a-8f54-f06c78fb7534" testId="816f5056-8c12-4720-4e40-99b1d281aa3b" testName="CommandGenerator.Tests.Generator.DiagnosticTests.CG0002_Descriptor_ShouldHaveCorrectId" computerName="ubuntu-4gb-nbg1-1" duration="00:00:00.0001240" startTime="2025-12-29T01:11:53.5823108+00:00" endTime="2025-12-29T01:11:53.5823109+00:00" testType="13cdc9d9-ddb5-4fa4-a97d-d965ccfc6d4b" outcome="Passed" testListId="8c84fa94-04c1-424b-9868-57a2d4851a1d" relativeResultsDirectory="f280c028-4205-4b4a-8f54-f06c78fb7534" />
    <UnitTestResult executionId="a3fea730-9e2b-4c60-a467-8a99adbfb5d8" testId="d72e6bc7-5e82-749d-b276-ae2ed6b35489" testName="CommandGenerator.Tests.Runtime.CommandPoolConfigTests.InitialCapacity_SetValue_ShouldWork" computerName="ubuntu-4gb-nbg1-1" duration="00:00:00.0074107" startTime="2025-12-29T01:11:47.9014216+00:00" endTime="2025-12-29T01:11:47.9014536+00:00" testType="13cdc9d9-ddb5-4fa4-a97d-d965ccfc6d4b" outcome="Passed" testListId="8c84fa94-04c1-424b-9868-57a2d4851a1d" relativeResultsDirectory="a3fea730-9e2b-4c60-a467-8a99adbfb5d8" />
    <UnitTestResult executionId="713a54c8-e2c5-4006-b2e6-6a2a9fdaadd3" testId="ca92648c-64ba-6ec3-01d3-320c8cf9961d" testName="CommandGenerator.Tests.Runtime.ICommandPoolableTests.ResetToDefault_WithNestedObjects_ShouldResetCorrectly" computerName="ubuntu-4gb-nbg1-1" duration="00:00:00.0006306" startTime="2025-12-29T01:11:53.3787678+00:00" endTime="2025-12-29T01:11:53.3787679+00:00" testType="13cdc9d9-ddb5-4fa4-a97d-d965ccfc6d4b" outcome="Passed" testListId="8c84fa94-04c1-424b-9868-57a2d4851a1d" relativeResultsDirectory="713a54c8-e2c5-4006-b2e6-6a2a9fdaadd3" />
    <UnitTestResult executionId="dbf230cb-248c-4b39-b064-ded87cbc240a" testId="dbdd3383-5779-426d-0ead-37dbd6cb01d0" testName="CommandGenerator.Tests.Runtime.CommandPoolTests.Rent_FromEmptyPool_ShouldCreateNewInstance" computerName="ubuntu-4gb-nbg1-1" duration="00:00:00.0050177" startTime="2025-12-29T01:11:53.0341887+00:00" endTime="2025-12-29T01:11:53.0341890+00:00" testType="13cdc9d9-ddb5-4fa4-a97d-d965ccfc6d4b" outcome="Passed" testListId="8c84fa94-04c1-424b-9868-57a2d4851a1d" relativeResultsDirectory="dbf230cb-248c-4b39-b064-ded87cbc240a" />
    <UnitTestResult executionId="53ec2785-9092-4fce-bd8f-351283eae199" testId="eb17ca21-6513-fa56-fb99-a4f72498da58" testName="CommandGenerator.Tests.Runtime.CommandPoolTests.ResetInstance_AfterReturn_ShouldHaveDefaultValues" computerName="ubuntu-4gb-nbg1-1" duration="00:00:00.0001369" startTime="2025-12-29T01:11:53.0263927+00:00" endTime="2025-12-29T01:11:53.0263927+00:00" testType="13cdc9d9-ddb5-4fa4-a97d-d965ccfc6d4b" outcome="Passed" testListId="8c84fa94-04c1-424b-9868-57a2d4851a1d" relativeResultsDirectory="53ec2785-9092-4fce-bd8f-351283eae199" />
    <UnitTestResult executionId="24f4767f-216b-4763-9a83-a21eea912985" testId="2b3c49cd-4a1d-4fe6-c93c-6775f02531bd" testName="CommandGenerator.Tests.Generator.CommandGeneratorAdvancedTests.GeneratedCode_ShouldEnableNullable" computerName="ubuntu-4gb-nbg1-1" duration="00:00:00.1943422" startTime="2025-12-29T01:11:51.8002733+00:00" endTime="2025-12-29T01:11:51.8002739+00:00" testType="13cdc9d9-ddb5-4fa4-a97d-d965ccfc6d4b" outcome="Passed" testListId="8c84fa94-04c1-424b-9868-57a2d4851a1d" relativeResultsDirectory="24f4767f-216b-4763-9a83-a21eea912985" />
    <UnitTestResult executionId="c044151c-ed0c-48b5-a0ee-cd47045b4bf7" testId="22a9d534-9ab8-5318-b42b-4b9087b902ac" testName="CommandGenerator.Tests.Runtime.CommandPoolTests.PooledCount_AfterReturn_ShouldIncrease" computerName="ubuntu-4gb-nbg1-1" duration="00:00:00.0006202" startTime="2025-12-29T01:11:53.0262376+00:00" endTime="2025-12-29T01:11:53.0262379+00:00" testType="13cdc9d9-ddb5-4fa4-a97d-d965ccfc6d4b" outcome="Passed" testListId="8c84fa94-04c1-424b-9868-57a2d4851a1d" relativeResultsDirectory="c044151c-ed0c-48b5-a0ee-cd47045b4bf7" />
    <UnitTestResult executionId="b3a62531-645e-4632-903e-6d7696da6cb6" testId="3a395111-7fbc-bde3-e5e6-9ad2dc0b940a" testName="CommandGenerator.Tests.Attributes.CommandAttributeTests.CommandMethodAttribute_WithClearTrue_ShouldBeTrue" computerName="ubuntu-4gb-nbg1-1" duration="00:00:00.0001730" startTime="2025-12-29T01:11:53.3736236+00:00" endTime="2025-12-29T01:11:53.3736236+00:00" testType="13cdc9d9-ddb5-4fa4-a97d-d965ccfc6d4b" outcome="Passed" testListId="8c84fa94-04c1-424b-9868-57a2d4851a1d" relativeResultsDirectory="b3a62531-645e-4632-903e-6d7696da6cb6" />
    <UnitTestResult executionId="40349410-99f6-44e5-8426-f82b53997fca" testId="f6ec4d6a-d462-36fd-1e94-59d8ea3ce586" testName="CommandGenerator.Tests.Generator.DiagnosticTests.AllDiagnosticDescriptors_ShouldHaveNonEmptyMessageFormat" computerName="ubuntu-4gb-nbg1-1" duration="00:00:00.0040648" startTime="2025-12-29T01:11:53.4061958+00:00" endTime="2025-12-29T01:11:53.4061959+00:00" testType="13cdc9d9-ddb5-4fa4-a97d-d965ccfc6d4b" outcome="Passed" testListId="8c84fa94-04c1-424b-9868-57a2d4851a1d" relativeResultsDirectory="40349410-99f6-44e5-8426-f82b53997fca" />
    <UnitTestResult executionId="bfd588a7-f82c-43cd-9d77-8269f84c090d" testId="61ec795d-64e1-14d2-d41c-a64f9b4b60ce" testName="CommandGenerator.Tests.Generator.FieldResetTests.SimpleArray_ShouldUseArrayClear" computerName="ubuntu-4gb-nbg1-1" duration="00:00:00.0570419" startTime="2025-12-29T01:11:50.6427533+00:00" endTime="2025-12-29T01:11:50.6427535+00:00" testType="13cdc9d9-ddb5-4fa4-a97d-d965ccfc6d4b" outcome="Failed" testListId="8c84fa94-04c1-424b-9868-57a2d4851a1d" relativeResultsDirectory="bfd588a7-f82c-43cd-9d77-8269f84c090d">
      <Output>
        <ErrorInfo>
          <Message>Assert.Contains() Failure: Sub-string not found
String:    "// &lt;auto-generated/&gt;\n#nullable enable\n\nus"···
Not found: "System.Array.Clear(_numbers, 0, _numbers."···</Message>
          <StackTrace>   at CommandGenerator.Tests.Generator.FieldResetTests.SimpleArray_ShouldUseArrayClear() in /root/code/game-libs/CommandGenerator/CommandGenerator.Tests/Generator/FieldResetTests.cs:line 178
   at System.RuntimeMethodHandle.InvokeMethod(Object target, Void** arguments, Signature sig, Boolean isConstructor)
   at System.Reflection.MethodBaseInvoker.InvokeWithNoArgs(Object obj, BindingFlags invokeAttr)</StackTrace>
        </ErrorInfo>
      </Output>
    </UnitTestResult>
    <UnitTestResult executionId="d4c852d2-f908-412e-99fa-7b953f70f738" testId="4416fe11-bf1f-a81c-7f49-b758abbb50ed" testName="CommandGenerator.Tests.Generator.CommandGeneratorAdvancedTests.QueueEntry_ShouldHaveSequenceField" computerName="ubuntu-4gb-nbg1-1" duration="00:00:01.2065720" startTime="2025-12-29T01:11:49.1152480+00:00" endTime="2025-12-29T01:11:49.1152483+00:00" testType="13cdc9d9-ddb5-4fa4-a97d-d965ccfc6d4b" outcome="Passed" testListId="8c84fa94-04c1-424b-9868-57a2d4851a1d" relativeResultsDirectory="d4c852d2-f908-412e-99fa-7b953f70f738" />
    <UnitTestResult executionId="d80a495e-fd59-48f7-911e-16724582ca22" testId="244619f3-c211-32d7-4324-992a4439117a" testName="CommandGenerator.Tests.Runtime.CommandPoolAdvancedTests.Return_Null_ShouldThrowNullReferenceException" computerName="ubuntu-4gb-nbg1-1" duration="00:00:00.0008078" startTime="2025-12-29T01:13:21.9160934+00:00" endTime="2025-12-29T01:13:21.9160935+00:00" testType="13cdc9d9-ddb5-4fa4-a97d-d965ccfc6d4b" outcome="Passed" testListId="8c84fa94-04c1-424b-9868-57a2d4851a1d" relativeResultsDirectory="d80a495e-fd59-48f7-911e-16724582ca22" />
    <UnitTestResult executionId="3f4651e1-242a-4db9-999f-f35b50f93560" testId="13a7f59e-e424-b10f-cdf0-58f490606ae2" testName="CommandGenerator.Tests.Attributes.CommandAttributeTests.CommandAttribute_SetPoolInitialCapacity_ShouldWork" computerName="ubuntu-4gb-nbg1-1" duration="00:00:00.0002463" startTime="2025-12-29T01:11:53.3735331+00:00" endTime="2025-12-29T01:11:53.3735331+00:00" testType="13cdc9d9-ddb5-4fa4-a97d-d965ccfc6d4b" outcome="Passed" testListId="8c84fa94-04c1-424b-9868-57a2d4851a1d" relativeResultsDirectory="3f4651e1-242a-4db9-999f-f35b50f93560" />
    <UnitTestResult executionId="cfff7764-6c8e-4279-9962-5fa89da030c7" testId="c0bc6c27-3796-72b7-5b9c-277aac29eb95" testName="CommandGenerator.Tests.Generator.DiagnosticTests.AllDiagnosticDescriptors_ShouldHaveNonEmptyTitle" computerName="ubuntu-4gb-nbg1-1" duration="00:00:00.0003048" startTime="2025-12-29T01:11:53.7834664+00:00" endTime="2025-12-29T01:11:53.7834665+00:00" testType="13cdc9d9-ddb5-4fa4-a97d-d965ccfc6d4b" outcome="Passed" testListId="8c84fa94-04c1-424b-9868-57a2d4851a1d" relativeResultsDirectory="cfff7764-6c8e-4279-9962-5fa89da030c7" />
    <UnitTestResult executionId="77f2bfbb-d70f-4898-9b49-93a54f04a5ff" testId="275975ba-fce1-206a-b17b-ca439d53c00b" testName="CommandGenerator.Tests.Runtime.CommandPoolConfigTests.InitialCapacity_DifferentTypes_ShouldBeIndependent" computerName="ubuntu-4gb-nbg1-1" duration="00:00:00.0001562" startTime="2025-12-29T01:11:47.9108190+00:00" endTime="2025-12-29T01:11:47.9108190+00:00" testType="13cdc9d9-ddb5-4fa4-a97d-d965ccfc6d4b" outcome="Passed" testListId="8c84fa94-04c1-424b-9868-57a2d4851a1d" relativeResultsDirectory="77f2bfbb-d70f-4898-9b49-93a54f04a5ff" />
    <UnitTestResult executionId="48f39dbc-739c-48cd-bf6b-da894c4f5bba" testId="689feaf7-c977-5b4a-a632-d35284f05f8f" testName="CommandGenerator.Tests.Generator.DiagnosticTests.CG0006_Descriptor_ShouldHaveCorrectId" computerName="ubuntu-4gb-nbg1-1" duration="00:00:00.0002006" startTime="2025-12-29T01:11:53.7016752+00:00" endTime="2025-12-29T01:11:53.7016753+00:00" testType="13cdc9d9-ddb5-4fa4-a97d-d965ccfc6d4b" outcome="Passed" testListId="8c84fa94-04c1-424b-9868-57a2d4851a1d" relativeResultsDirectory="48f39dbc-739c-48cd-bf6b-da894c4f5bba" />
    <UnitTestResult executionId="90b9652b-896d-4f24-9baf-784d569a0438" testId="aa65cdd3-d95c-c702-47f8-c25ade226cd1" testName="CommandGenerator.Tests.Runtime.CommandPoolConfigTests.CommandPoolConfig_ShouldAcceptClassTypes" computerName="ubuntu-4gb-nbg1-1" duration="00:00:00.0000960" startTime="2025-12-29T01:11:47.9109667+00:00" endTime="2025-12-29T01:11:47.9109668+00:00" testType="13cdc9d9-ddb5-4fa4-a97d-d965ccfc6d4b" outcome="Passed" testListId="8c84fa94-04c1-424b-9868-57a2d4851a1d" relativeResultsDirectory="90b9652b-896d-4f24-9baf-784d569a0438" />
    <UnitTestResult executionId="a887a7c7-d3b0-47ff-aba5-84f8ab1c7116" testId="27120096-7340-ad77-2017-a5e5d82fcb09" testName="CommandGenerator.Tests.Generator.DiagnosticTests.CG0007_Descriptor_ShouldBeEnabledByDefault" computerName="ubuntu-4gb-nbg1-1" duration="00:00:00.0001033" startTime="2025-12-29T01:11:53.7819442+00:00" endTime="2025-12-29T01:11:53.7819443+00:00" testType="13cdc9d9-ddb5-4fa4-a97d-d965ccfc6d4b" outcome="Passed" testListId="8c84fa94-04c1-424b-9868-57a2d4851a1d" relativeResultsDirectory="a887a7c7-d3b0-47ff-aba5-84f8ab1c7116" />
    <UnitTestResult executionId="e8ea3a81-eae6-48d5-b828-5169016e35e4" testId="2a00f978-a0d7-12dd-4d81-f2e762fba78d" testName="CommandGenerator.Tests.Generator.CommandGeneratorAdvancedTests.GeneratedCode_ShouldIncludeAutoGeneratedHeader" computerName="ubuntu-4gb-nbg1-1" duration="00:00:00.0680919" startTime="2025-12-29T01:11:52.5308672+00:00" endTime="2025-12-29T01:11:52.5308674+00:00" testType="13cdc9d9-ddb5-4fa4-a97d-d965ccfc6d4b" outcome="Passed" testListId="8c84fa94-04c1-424b-9868-57a2d4851a1d" relativeResultsDirectory="e8ea3a81-eae6-48d5-b828-5169016e35e4" />
    <UnitTestResult executionId="e59a86da-bc53-482e-a73f-a9acb3843b0d" testId="bcf0cfe0-8bb1-1bfc-8b0b-85ef685685c4" testName="CommandGenerator.Tests.Generator.DiagnosticTests.CG0003_Descriptor_ShouldHaveCorrectId" computerName="ubuntu-4gb-nbg1-1" duration="00:00:00.0000872" startTime="2025-12-29T01:11:53.7836460+00:00" endTime="2025-12-29T01:11:53.7836461+00:00" testType="13cdc9d9-ddb5-4fa4-a97d-d965ccfc6d4b" outcome="Passed" testListId="8c84fa94-04c1-424b-9868-57a2d4851a1d" relativeResultsDirectory="e59a86da-bc53-482e-a73f-a9acb3843b0d" />
    <UnitTestResult executionId="05ebe16e-39ca-473a-8ddd-2e9ab52c5d6a" testId="a8cdf9e4-5eb6-bbda-3041-9ad59380ee78" testName="CommandGenerator.Tests.Generator.DiagnosticTests.CG0001_Descriptor_ShouldHaveErrorSeverity" computerName="ubuntu-4gb-nbg1-1" duration="00:00:00.0001983" startTime="2025-12-29T01:11:53.4956300+00:00" endTime="2025-12-29T01:11:53.4956300+00:00" testType="13cdc9d9-ddb5-4fa4-a97d-d965ccfc6d4b" outcome="Passed" testListId="8c84fa94-04c1-424b-9868-57a2d4851a1d" relativeResultsDirectory="05ebe16e-39ca-473a-8ddd-2e9ab52c5d6a" />
    <UnitTestResult executionId="3e4d5f23-3cbf-4271-bae8-5fbfe228fc34" testId="7adc0ae2-5a81-ea3f-d433-44daae545896" testName="CommandGenerator.Tests.Runtime.CommandPoolAdvancedTests.ConcurrentRentReturn_StressTest_ShouldMaintainConsistency" computerName="ubuntu-4gb-nbg1-1" duration="00:00:00.0091757" startTime="2025-12-29T01:11:53.0619907+00:00" endTime="2025-12-29T01:11:53.0619911+00:00" testType="13cdc9d9-ddb5-4fa4-a97d-d965ccfc6d4b" outcome="Passed" testListId="8c84fa94-04c1-424b-9868-57a2d4851a1d" relativeResultsDirectory="3e4d5f23-3cbf-4271-bae8-5fbfe228fc34" />
    <UnitTestResult executionId="91044e07-05e4-4b54-823f-1965789ce2b8" testId="19f5721a-fe51-9c25-2990-046f9b5ee399" testName="CommandGenerator.Tests.Runtime.CommandPoolTests.Prewarm_WithZero_ShouldNotThrow" computerName="ubuntu-4gb-nbg1-1" duration="00:00:00.0002084" startTime="2025-12-29T01:11:53.0351459+00:00" endTime="2025-12-29T01:11:53.0351459+00:00" testType="13cdc9d9-ddb5-4fa4-a97d-d965ccfc6d4b" outcome="Passed" testListId="8c84fa94-04c1-424b-9868-57a2d4851a1d" relativeResultsDirectory="91044e07-05e4-4b54-823f-1965789ce2b8" />
    <UnitTestResult executionId="66b1d9f0-f60d-4cd6-9151-657cd0529129" testId="9bc4b4b0-ea02-4b38-f62c-26e74189cec6" testName="CommandGenerator.Tests.Generator.FieldResetTests.FieldWithNegativeInitializer_ShouldPreserveValue" computerName="ubuntu-4gb-nbg1-1" duration="00:00:00.0770896" startTime="2025-12-29T01:11:49.8175474+00:00" endTime="2025-12-29T01:11:49.8175477+00:00" testType="13cdc9d9-ddb5-4fa4-a97d-d965ccfc6d4b" outcome="Failed" testListId="8c84fa94-04c1-424b-9868-57a2d4851a1d" relativeResultsDirectory="66b1d9f0-f60d-4cd6-9151-657cd0529129">
      <Output>
        <ErrorInfo>
          <Message>Assert.Contains() Failure: Sub-string not found
String:    "// &lt;auto-generated/&gt;\n#nullable enable\n\nus"···
Not found: "_offset = -100"</Message>
          <StackTrace>   at CommandGenerator.Tests.Generator.FieldResetTests.FieldWithNegativeInitializer_ShouldPreserveValue() in /root/code/game-libs/CommandGenerator/CommandGenerator.Tests/Generator/FieldResetTests.cs:line 490
   at System.RuntimeMethodHandle.InvokeMethod(Object target, Void** arguments, Signature sig, Boolean isConstructor)
   at System.Reflection.MethodBaseInvoker.InvokeWithNoArgs(Object obj, BindingFlags invokeAttr)</StackTrace>
        </ErrorInfo>
      </Output>
    </UnitTestResult>
    <UnitTestResult executionId="4cb401fc-6f6c-49f3-b538-209c0541e26e" testId="feb79ceb-7d9b-ad84-dcdb-04a49b0f5917" testName="CommandGenerator.Tests.Generator.CommandGeneratorTests.Generate_NoAttributes_ShouldNotGenerateAnything" computerName="ubuntu-4gb-nbg1-1" duration="00:00:00.0238332" startTime="2025-12-29T01:11:52.0602447+00:00" endTime="2025-12-29T01:11:52.0602450+00:00" testType="13cdc9d9-ddb5-4fa4-a97d-d965ccfc6d4b" outcome="Passed" testListId="8c84fa94-04c1-424b-9868-57a2d4851a1d" relativeResultsDirectory="4cb401fc-6f6c-49f3-b538-209c0541e26e" />
    <UnitTestResult executionId="9bf33c60-ae40-4f30-aa14-057b4bedd986" testId="89886d8e-397d-1eef-8824-43f2288b00bf" testName="CommandGenerator.Tests.Runtime.ICommandPoolableTests.ResetToDefault_WithNullableReference_ShouldSetToNull" computerName="ubuntu-4gb-nbg1-1" duration="00:00:00.0007911" startTime="2025-12-29T01:11:53.3873216+00:00" endTime="2025-12-29T01:11:53.3873217+00:00" testType="13cdc9d9-ddb5-4fa4-a97d-d965ccfc6d4b" outcome="Passed" testListId="8c84fa94-04c1-424b-9868-57a2d4851a1d" relativeResultsDirectory="9bf33c60-ae40-4f30-aa14-057b4bedd986" />
    <UnitTestResult executionId="9d89b027-e0cd-4a00-9a64-a71f70651106" testId="f8e6809d-6c6e-9154-57b0-5d4cce692076" testName="CommandGenerator.Tests.Generator.CommandGeneratorTests.Generate_Queue_ShouldContainClear" computerName="ubuntu-4gb-nbg1-1" duration="00:00:00.0971228" startTime="2025-12-29T01:11:52.1557246+00:00" endTime="2025-12-29T01:11:52.1557251+00:00" testType="13cdc9d9-ddb5-4fa4-a97d-d965ccfc6d4b" outcome="Passed" testListId="8c84fa94-04c1-424b-9868-57a2d4851a1d" relativeResultsDirectory="9d89b027-e0cd-4a00-9a64-a71f70651106" />
    <UnitTestResult executionId="2a9a959c-cffe-4b61-b265-eeaf8b221479" testId="18bcac06-e196-ac66-18a3-c8ae504c2fd3" testName="CommandGenerator.Tests.Generator.CommandGeneratorTests.Generate_Queue_ShouldContainInstance" computerName="ubuntu-4gb-nbg1-1" duration="00:00:00.0788887" startTime="2025-12-29T01:11:52.5603505+00:00" endTime="2025-12-29T01:11:52.5603509+00:00" testType="13cdc9d9-ddb5-4fa4-a97d-d965ccfc6d4b" outcome="Passed" testListId="8c84fa94-04c1-424b-9868-57a2d4851a1d" relativeResultsDirectory="2a9a959c-cffe-4b61-b265-eeaf8b221479" />
    <UnitTestResult executionId="98ac0fa5-aec0-4e07-bb2f-5ef80c50380b" testId="aa29b88e-1a7c-286d-2b05-5a5c076e1d75" testName="CommandGenerator.Tests.Generator.CommandGeneratorAdvancedTests.QueueEntry_CompareMethod_ShouldBeAggressivelyInlined" computerName="ubuntu-4gb-nbg1-1" duration="00:00:00.0467027" startTime="2025-12-29T01:11:53.1744616+00:00" endTime="2025-12-29T01:11:53.1744621+00:00" testType="13cdc9d9-ddb5-4fa4-a97d-d965ccfc6d4b" outcome="Passed" testListId="8c84fa94-04c1-424b-9868-57a2d4851a1d" relativeResultsDirectory="98ac0fa5-aec0-4e07-bb2f-5ef80c50380b" />
    <UnitTestResult executionId="b0e5d7d7-f8dd-4504-bcbc-643b278383c2" testId="cd7cb7a9-9a2c-a4bf-f90d-88d2c3c1250a" testName="CommandGenerator.Tests.Attributes.CommandAttributeTests.CommandAttribute_NegativePriority_ShouldWork" computerName="ubuntu-4gb-nbg1-1" duration="00:00:00.0002638" startTime="2025-12-29T01:11:53.3709542+00:00" endTime="2025-12-29T01:11:53.3709543+00:00" testType="13cdc9d9-ddb5-4fa4-a97d-d965ccfc6d4b" outcome="Passed" testListId="8c84fa94-04c1-424b-9868-57a2d4851a1d" relativeResultsDirectory="b0e5d7d7-f8dd-4504-bcbc-643b278383c2" />
    <UnitTestResult executionId="969cd474-0dda-4c57-8bee-1bc95ca0f0fe" testId="954c38de-f5ee-c863-0cf4-8d7856404ad1" testName="CommandGenerator.Tests.Generator.DiagnosticTests.PartialCommandMethod_ShouldNotEmitDiagnostics" computerName="ubuntu-4gb-nbg1-1" duration="00:00:00.0478907" startTime="2025-12-29T01:11:53.7802578+00:00" endTime="2025-12-29T01:11:53.7802581+00:00" testType="13cdc9d9-ddb5-4fa4-a97d-d965ccfc6d4b" outcome="Passed" testListId="8c84fa94-04c1-424b-9868-57a2d4851a1d" relativeResultsDirectory="969cd474-0dda-4c57-8bee-1bc95ca0f0fe" />
    <UnitTestResult executionId="e1cd269d-9f5d-461e-8b59-90e95448802a" testId="3fb23d84-ed3a-b595-40cd-efcf21610534" testName="CommandGenerator.Tests.Generator.DiagnosticTests.CG0005_Descriptor_ShouldHaveCorrectId" computerName="ubuntu-4gb-nbg1-1" duration="00:00:00.0002276" startTime="2025-12-29T01:11:53.4062769+00:00" endTime="2025-12-29T01:11:53.4062770+00:00" testType="13cdc9d9-ddb5-4fa4-a97d-d965ccfc6d4b" outcome="Passed" testListId="8c84fa94-04c1-424b-9868-57a2d4851a1d" relativeResultsDirectory="e1cd269d-9f5d-461e-8b59-90e95448802a" />
    <UnitTestResult executionId="42447e8e-1f4e-4da4-8270-3a3be621834f" testId="a9fe38a6-532e-1438-7fce-43609b0176e5" testName="CommandGenerator.Tests.Runtime.CommandPoolTests.Prewarm_WithSmallerCount_ShouldNotDecrease" computerName="ubuntu-4gb-nbg1-1" duration="00:00:00.0007806" startTime="2025-12-29T01:11:53.0133248+00:00" endTime="2025-12-29T01:11:53.0133249+00:00" testType="13cdc9d9-ddb5-4fa4-a97d-d965ccfc6d4b" outcome="Passed" testListId="8c84fa94-04c1-424b-9868-57a2d4851a1d" relativeResultsDirectory="42447e8e-1f4e-4da4-8270-3a3be621834f" />
    <UnitTestResult executionId="9520570f-cc60-4951-aa53-e5f213a1fde8" testId="acca33b5-ffe0-f406-a91f-811526e32cb7" testName="CommandGenerator.Tests.Generator.CommandGeneratorAdvancedTests.QueueEntry_ShouldImplementIComparable" computerName="ubuntu-4gb-nbg1-1" duration="00:00:00.0596118" startTime="2025-12-29T01:11:53.1274568+00:00" endTime="2025-12-29T01:11:53.1274572+00:00" testType="13cdc9d9-ddb5-4fa4-a97d-d965ccfc6d4b" outcome="Passed" testListId="8c84fa94-04c1-424b-9868-57a2d4851a1d" relativeResultsDirectory="9520570f-cc60-4951-aa53-e5f213a1fde8" />
    <UnitTestResult executionId="a2c54ef3-625a-4d49-aa00-8c17a4231a98" testId="fb0a4679-7a09-6b0c-bb2d-c2e90dcc93ff" testName="CommandGenerator.Tests.Generator.FieldResetTests.MultipleNullableFields_ShouldAllReset" computerName="ubuntu-4gb-nbg1-1" duration="00:00:00.0657970" startTime="2025-12-29T01:11:50.1465764+00:00" endTime="2025-12-29T01:11:50.1465766+00:00" testType="13cdc9d9-ddb5-4fa4-a97d-d965ccfc6d4b" outcome="Failed" testListId="8c84fa94-04c1-424b-9868-57a2d4851a1d" relativeResultsDirectory="a2c54ef3-625a-4d49-aa00-8c17a4231a98">
      <Output>
        <ErrorInfo>
          <Message>Assert.Contains() Failure: Sub-string not found
String:    "// &lt;auto-generated/&gt;\n#nullable enable\n\nus"···
Not found: "_name = default!"</Message>
          <StackTrace>   at CommandGenerator.Tests.Generator.FieldResetTests.MultipleNullableFields_ShouldAllReset() in /root/code/game-libs/CommandGenerator/CommandGenerator.Tests/Generator/FieldResetTests.cs:line 141
   at System.RuntimeMethodHandle.InvokeMethod(Object target, Void** arguments, Signature sig, Boolean isConstructor)
   at System.Reflection.MethodBaseInvoker.InvokeWithNoArgs(Object obj, BindingFlags invokeAttr)</StackTrace>
        </ErrorInfo>
      </Output>
    </UnitTestResult>
    <UnitTestResult executionId="9d933314-83cd-4d47-b18b-7a3fbc3e68ec" testId="3455fd1a-7ef9-55cd-c23e-d82eb8636a04" testName="CommandGenerator.Tests.Runtime.ICommandPoolableTests.ResetToDefault_ShouldExistOnInterface" computerName="ubuntu-4gb-nbg1-1" duration="00:00:00.0060679" startTime="2025-12-29T01:11:53.3846933+00:00" endTime="2025-12-29T01:11:53.3846936+00:00" testType="13cdc9d9-ddb5-4fa4-a97d-d965ccfc6d4b" outcome="Passed" testListId="8c84fa94-04c1-424b-9868-57a2d4851a1d" relativeResultsDirectory="9d933314-83cd-4d47-b18b-7a3fbc3e68ec" />
    <UnitTestResult executionId="a0ed9055-e64c-4e9b-9d4d-9947bc5a65a6" testId="47542c9d-e32f-bff5-ebf2-527ffd79721b" testName="CommandGenerator.Tests.Generator.DiagnosticTests.PartialCommand_ShouldNotEmitDiagnostics" computerName="ubuntu-4gb-nbg1-1" duration="00:00:00.0421119" startTime="2025-12-29T01:11:53.7322380+00:00" endTime="2025-12-29T01:11:53.7322383+00:00" testType="13cdc9d9-ddb5-4fa4-a97d-d965ccfc6d4b" outcome="Passed" testListId="8c84fa94-04c1-424b-9868-57a2d4851a1d" relativeResultsDirectory="a0ed9055-e64c-4e9b-9d4d-9947bc5a65a6" />
    <UnitTestResult executionId="21ae8382-9e6d-4fab-a2e9-32ac21ac2f92" testId="ac599624-1204-fafd-2507-dce39716c293" testName="CommandGenerator.Tests.Generator.FieldResetTests.NullableValueField_ShouldResetToDefault" computerName="ubuntu-4gb-nbg1-1" duration="00:00:00.0600101" startTime="2025-12-29T01:11:50.8706371+00:00" endTime="2025-12-29T01:11:50.8706373+00:00" testType="13cdc9d9-ddb5-4fa4-a97d-d965ccfc6d4b" outcome="Failed" testListId="8c84fa94-04c1-424b-9868-57a2d4851a1d" relativeResultsDirectory="21ae8382-9e6d-4fab-a2e9-32ac21ac2f92">
      <Output>
        <ErrorInfo>
          <Message>Assert.Contains() Failure: Sub-string not found
String:    "// &lt;auto-generated/&gt;\n#nullable enable\n\nus"···
Not found: "_nullableInt = default"</Message>
          <StackTrace>   at CommandGenerator.Tests.Generator.FieldResetTests.NullableValueField_ShouldResetToDefault() in /root/code/game-libs/CommandGenerator/CommandGenerator.Tests/Generator/FieldResetTests.cs:line 78
   at System.RuntimeMethodHandle.InvokeMethod(Object target, Void** arguments, Signature sig, Boolean isConstructor)
   at System.Reflection.MethodBaseInvoker.InvokeWithNoArgs(Object obj, BindingFlags invokeAttr)</StackTrace>
        </ErrorInfo>
      </Output>
    </UnitTestResult>
    <UnitTestResult executionId="6e1589b6-b576-4a2d-a0d0-c55b7fd95d41" testId="143d089d-8383-a81f-fdc4-1b3e73c9f4bf" testName="CommandGenerator.Tests.Runtime.ICommandPoolableTests.ICommandPoolable_ShouldAllowSelfReferencingImplementation" computerName="ubuntu-4gb-nbg1-1" duration="00:00:00.0002408" startTime="2025-12-29T01:11:53.3941471+00:00" endTime="2025-12-29T01:11:53.3941472+00:00" testType="13cdc9d9-ddb5-4fa4-a97d-d965ccfc6d4b" outcome="Passed" testListId="8c84fa94-04c1-424b-9868-57a2d4851a1d" relativeResultsDirectory="6e1589b6-b576-4a2d-a0d0-c55b7fd95d41" />
    <UnitTestResult executionId="68b1f138-0e49-4f73-a366-89caa24d9b18" testId="ab5ee84a-34d2-7be0-7cfc-99cd4034e1e8" testName="CommandGenerator.Tests.Runtime.CommandPoolAdvancedTests.LargePool_RentMoreThanCapacity_ShouldCreateNew" computerName="ubuntu-4gb-nbg1-1" duration="00:00:00.0011845" startTime="2025-12-29T01:13:21.9110898+00:00" endTime="2025-12-29T01:13:21.9110899+00:00" testType="13cdc9d9-ddb5-4fa4-a97d-d965ccfc6d4b" outcome="Passed" testListId="8c84fa94-04c1-424b-9868-57a2d4851a1d" relativeResultsDirectory="68b1f138-0e49-4f73-a366-89caa24d9b18" />
    <UnitTestResult executionId="750bba40-2711-42a2-942f-8b06616fa142" testId="f46cc98b-7510-a0c5-772b-8461e19f1c53" testName="CommandGenerator.Tests.Attributes.CommandAttributeTests.CommandMethodAttribute_WithClearFalse_ShouldBeFalse" computerName="ubuntu-4gb-nbg1-1" duration="00:00:00.0020880" startTime="2025-12-29T01:11:53.3666772+00:00" endTime="2025-12-29T01:11:53.3666773+00:00" testType="13cdc9d9-ddb5-4fa4-a97d-d965ccfc6d4b" outcome="Passed" testListId="8c84fa94-04c1-424b-9868-57a2d4851a1d" relativeResultsDirectory="750bba40-2711-42a2-942f-8b06616fa142" />
    <UnitTestResult executionId="be9112de-7be5-44a3-8dce-f5c7916c9531" testId="cfab1b88-5ef1-09ee-e0aa-a85810041443" testName="CommandGenerator.Tests.Runtime.CommandPoolTests.PooledCount_AfterRent_ShouldDecrease" computerName="ubuntu-4gb-nbg1-1" duration="00:00:00.0001202" startTime="2025-12-29T01:11:53.0349690+00:00" endTime="2025-12-29T01:11:53.0349691+00:00" testType="13cdc9d9-ddb5-4fa4-a97d-d965ccfc6d4b" outcome="Passed" testListId="8c84fa94-04c1-424b-9868-57a2d4851a1d" relativeResultsDirectory="be9112de-7be5-44a3-8dce-f5c7916c9531" />
    <UnitTestResult executionId="6ebec667-ac72-4722-a263-def49edd6e12" testId="92e5feb6-a074-a530-18e4-714999fbc5b4" testName="CommandGenerator.Tests.Generator.CommandGeneratorAdvancedTests.QueueEntry_ShouldHavePriorityField" computerName="ubuntu-4gb-nbg1-1" duration="00:00:00.1124337" startTime="2025-12-29T01:11:52.0474463+00:00" endTime="2025-12-29T01:11:52.0474467+00:00" testType="13cdc9d9-ddb5-4fa4-a97d-d965ccfc6d4b" outcome="Passed" testListId="8c84fa94-04c1-424b-9868-57a2d4851a1d" relativeResultsDirectory="6ebec667-ac72-4722-a263-def49edd6e12" />
    <UnitTestResult executionId="0bdae825-be35-42e1-9b79-463d4f8054a2" testId="f678a8ee-5b98-13db-74e4-1b784f697c1f" testName="CommandGenerator.Tests.Generator.DiagnosticTests.CG0002_Descriptor_ShouldBeEnabledByDefault" computerName="ubuntu-4gb-nbg1-1" duration="00:00:00.0001224" startTime="2025-12-29T01:11:53.5824305+00:00" endTime="2025-12-29T01:11:53.5824306+00:00" testType="13cdc9d9-ddb5-4fa4-a97d-d965ccfc6d4b" outcome="Passed" testListId="8c84fa94-04c1-424b-9868-57a2d4851a1d" relativeResultsDirectory="0bdae825-be35-42e1-9b79-463d4f8054a2" />
    <UnitTestResult executionId="98b0ee9f-837f-463f-aad5-9add1c2305df" testId="97f74298-3f1e-5a27-b950-6fe94c5f16c1" testName="CommandGenerator.Tests.Generator.CommandGeneratorTests.Generate_Queue_WithNamespace_ShouldPreserveNamespace" computerName="ubuntu-4gb-nbg1-1" duration="00:00:00.0646184" startTime="2025-12-29T01:11:52.4812678+00:00" endTime="2025-12-29T01:11:52.4812682+00:00" testType="13cdc9d9-ddb5-4fa4-a97d-d965ccfc6d4b" outcome="Passed" testListId="8c84fa94-04c1-424b-9868-57a2d4851a1d" relativeResultsDirectory="98b0ee9f-837f-463f-aad5-9add1c2305df" />
    <UnitTestResult executionId="e7e41d77-03eb-4574-b269-9777e5a56633" testId="59522dca-6fdb-bbc9-51cb-93ef5640dc40" testName="CommandGenerator.Tests.Generator.DiagnosticTests.CG0002_Descriptor_ShouldHaveCorrectTitle" computerName="ubuntu-4gb-nbg1-1" duration="00:00:00.0001143" startTime="2025-12-29T01:11:53.7018205+00:00" endTime="2025-12-29T01:11:53.7018206+00:00" testType="13cdc9d9-ddb5-4fa4-a97d-d965ccfc6d4b" outcome="Passed" testListId="8c84fa94-04c1-424b-9868-57a2d4851a1d" relativeResultsDirectory="e7e41d77-03eb-4574-b269-9777e5a56633" />
    <UnitTestResult executionId="91935674-d273-4564-a3a1-d18bdc81bc57" testId="b8b0081f-4e1a-0332-aaa5-5caa27d13e0d" testName="CommandGenerator.Tests.Generator.DiagnosticTests.CG0003_Descriptor_ShouldHaveCorrectCategory" computerName="ubuntu-4gb-nbg1-1" duration="00:00:00.0001904" startTime="2025-12-29T01:11:53.5858871+00:00" endTime="2025-12-29T01:11:53.5858872+00:00" testType="13cdc9d9-ddb5-4fa4-a97d-d965ccfc6d4b" outcome="Passed" testListId="8c84fa94-04c1-424b-9868-57a2d4851a1d" relativeResultsDirectory="91935674-d273-4564-a3a1-d18bdc81bc57" />
    <UnitTestResult executionId="ed811af4-92fd-4ed9-a3fd-8e8999adaa05" testId="6720c893-0071-ce04-100d-f8b155667881" testName="CommandGenerator.Tests.Generator.CommandGeneratorAdvancedTests.Priority_ShouldBeSetFromAttribute" computerName="ubuntu-4gb-nbg1-1" duration="00:00:00.1260730" startTime="2025-12-29T01:11:52.7655881+00:00" endTime="2025-12-29T01:11:52.7655883+00:00" testType="13cdc9d9-ddb5-4fa4-a97d-d965ccfc6d4b" outcome="Failed" testListId="8c84fa94-04c1-424b-9868-57a2d4851a1d" relativeResultsDirectory="ed811af4-92fd-4ed9-a3fd-8e8999adaa05">
      <Output>
        <ErrorInfo>
          <Message>Assert.Contains() Failure: Sub-string not found
String:    "// &lt;auto-generated/&gt;\n#nullable enable\n\nus"···
Not found: "get =&gt; 100"</Message>
          <StackTrace>   at CommandGenerator.Tests.Generator.CommandGeneratorAdvancedTests.Priority_ShouldBeSetFromAttribute() in /root/code/game-libs/CommandGenerator/CommandGenerator.Tests/Generator/CommandGeneratorAdvancedTests.cs:line 339
   at System.RuntimeMethodHandle.InvokeMethod(Object target, Void** arguments, Signature sig, Boolean isConstructor)
   at System.Reflection.MethodBaseInvoker.InvokeWithNoArgs(Object obj, BindingFlags invokeAttr)</StackTrace>
        </ErrorInfo>
      </Output>
    </UnitTestResult>
    <UnitTestResult executionId="343d19d7-b63a-4014-9925-29019663c7b8" testId="03eafeb3-d531-384c-951d-a072b80a6b80" testName="CommandGenerator.Tests.Runtime.CommandPoolAdvancedTests.DictionaryField_WithManyEntries_ShouldClearAll" computerName="ubuntu-4gb-nbg1-1" duration="00:00:00.0004147" startTime="2025-12-29T01:13:21.9139832+00:00" endTime="2025-12-29T01:13:21.9139834+00:00" testType="13cdc9d9-ddb5-4fa4-a97d-d965ccfc6d4b" outcome="Passed" testListId="8c84fa94-04c1-424b-9868-57a2d4851a1d" relativeResultsDirectory="343d19d7-b63a-4014-9925-29019663c7b8" />
    <UnitTestResult executionId="b417bbd9-d178-47bc-b20b-a58756eaf289" testId="980d0280-2ccd-b86b-cf6f-42763d5edfb4" testName="CommandGenerator.Tests.Attributes.CommandAttributeTests.CommandAttribute_DefaultPoolInitialCapacity_ShouldBeEight" computerName="ubuntu-4gb-nbg1-1" duration="00:00:00.0001208" startTime="2025-12-29T01:11:53.3737110+00:00" endTime="2025-12-29T01:11:53.3737111+00:00" testType="13cdc9d9-ddb5-4fa4-a97d-d965ccfc6d4b" outcome="Passed" testListId="8c84fa94-04c1-424b-9868-57a2d4851a1d" relativeResultsDirectory="b417bbd9-d178-47bc-b20b-a58756eaf289" />
    <UnitTestResult executionId="0ede78ff-e933-40ca-9ca6-44c50dcb84f3" testId="8fe8f0ff-8280-1d3b-39aa-6aef7ef3d4d1" testName="CommandGenerator.Tests.Runtime.CommandPoolConfigTests.InitialCapacity_Default_ShouldBeEight" computerName="ubuntu-4gb-nbg1-1" duration="00:00:00.0000992" startTime="2025-12-29T01:11:47.9819197+00:00" endTime="2025-12-29T01:11:47.9819198+00:00" testType="13cdc9d9-ddb5-4fa4-a97d-d965ccfc6d4b" outcome="Passed" testListId="8c84fa94-04c1-424b-9868-57a2d4851a1d" relativeResultsDirectory="0ede78ff-e933-40ca-9ca6-44c50dcb84f3" />
    <UnitTestResult executionId="d93fe170-36a4-4df2-88b9-7a1a7040b813" testId="7d8fcb65-d982-40f1-64e1-beabad7ebcae" testName="CommandGenerator.Tests.Generator.DiagnosticTests.CG0005_Descriptor_ShouldHaveErrorSeverity" computerName="ubuntu-4gb-nbg1-1" duration="00:00:00.0002354" startTime="2025-12-29T01:11:53.4121836+00:00" endTime="2025-12-29T01:11:53.4121837+00:00" testType="13cdc9d9-ddb5-4fa4-a97d-d965ccfc6d4b" outcome="Passed" testListId="8c84fa94-04c1-424b-9868-57a2d4851a1d" relativeResultsDirectory="d93fe170-36a4-4df2-88b9-7a1a7040b813" />
    <UnitTestResult executionId="73c1a2ef-e428-4256-b5ea-febf5f4ea440" testId="0075bbd7-66e7-5d03-2402-78d1c86f72e9" testName="CommandGenerator.Tests.Generator.DiagnosticTests.CG0006_Descriptor_ShouldBeEnabledByDefault" computerName="ubuntu-4gb-nbg1-1" duration="00:00:00.0000857" startTime="2025-12-29T01:11:53.7820639+00:00" endTime="2025-12-29T01:11:53.7820639+00:00" testType="13cdc9d9-ddb5-4fa4-a97d-d965ccfc6d4b" outcome="Passed" testListId="8c84fa94-04c1-424b-9868-57a2d4851a1d" relativeResultsDirectory="73c1a2ef-e428-4256-b5ea-febf5f4ea440" />
    <UnitTestResult executionId="fa29c43c-2c92-4080-84a4-31f535adc5aa" testId="10cf14e1-db61-6464-9131-1e679a1dc9ff" testName="CommandGenerator.Tests.Generator.DiagnosticTests.CG0003_Descriptor_ShouldBeEnabledByDefault" computerName="ubuntu-4gb-nbg1-1" duration="00:00:00.0002331" startTime="2025-12-29T01:11:53.4117931+00:00" endTime="2025-12-29T01:11:53.4117933+00:00" testType="13cdc9d9-ddb5-4fa4-a97d-d965ccfc6d4b" outcome="Passed" testListId="8c84fa94-04c1-424b-9868-57a2d4851a1d" relativeResultsDirectory="fa29c43c-2c92-4080-84a4-31f535adc5aa" />
    <UnitTestResult executionId="4c730018-62d4-4f55-946d-024684c92a60" testId="7e8a00ca-5127-81ea-0fc7-a6f5c9386d67" testName="CommandGenerator.Tests.Generator.DiagnosticTests.CG0001_Descriptor_ShouldHaveCorrectId" computerName="ubuntu-4gb-nbg1-1" duration="00:00:00.0004640" startTime="2025-12-29T01:11:53.4946426+00:00" endTime="2025-12-29T01:11:53.4946427+00:00" testType="13cdc9d9-ddb5-4fa4-a97d-d965ccfc6d4b" outcome="Passed" testListId="8c84fa94-04c1-424b-9868-57a2d4851a1d" relativeResultsDirectory="4c730018-62d4-4f55-946d-024684c92a60" />
    <UnitTestResult executionId="cd5d9ab9-8f78-4c7e-b199-26105e27d9c1" testId="756b617b-c9ce-3ccc-554b-704e84eb2541" testName="CommandGenerator.Tests.Runtime.CommandPoolConfigTests.InitialCapacity_SetToZero_ShouldWork" computerName="ubuntu-4gb-nbg1-1" duration="00:00:00.0001568" startTime="2025-12-29T01:11:47.9817968+00:00" endTime="2025-12-29T01:11:47.9817969+00:00" testType="13cdc9d9-ddb5-4fa4-a97d-d965ccfc6d4b" outcome="Passed" testListId="8c84fa94-04c1-424b-9868-57a2d4851a1d" relativeResultsDirectory="cd5d9ab9-8f78-4c7e-b199-26105e27d9c1" />
    <UnitTestResult executionId="71666cee-ca3c-4807-9492-7ef9a0cf69be" testId="098080ba-6559-8077-e0e8-56d37ae6093c" testName="CommandGenerator.Tests.Generator.FieldResetTests.StringArray_ShouldUseArrayClear" computerName="ubuntu-4gb-nbg1-1" duration="00:00:00.0460242" startTime="2025-12-29T01:11:50.2539788+00:00" endTime="2025-12-29T01:11:50.2539790+00:00" testType="13cdc9d9-ddb5-4fa4-a97d-d965ccfc6d4b" outcome="Failed" testListId="8c84fa94-04c1-424b-9868-57a2d4851a1d" relativeResultsDirectory="71666cee-ca3c-4807-9492-7ef9a0cf69be">
      <Output>
        <ErrorInfo>
          <Message>Assert.Contains() Failure: Sub-string not found
String:    "// &lt;auto-generated/&gt;\n#nullable enable\n\nus"···
Not found: "System.Array.Clear(_items, 0, _items.Leng"···</Message>
          <StackTrace>   at CommandGenerator.Tests.Generator.FieldResetTests.StringArray_ShouldUseArrayClear() in /root/code/game-libs/CommandGenerator/CommandGenerator.Tests/Generator/FieldResetTests.cs:line 208
   at System.RuntimeMethodHandle.InvokeMethod(Object target, Void** arguments, Signature sig, Boolean isConstructor)
   at System.Reflection.MethodBaseInvoker.InvokeWithNoArgs(Object obj, BindingFlags invokeAttr)</StackTrace>
        </ErrorInfo>
      </Output>
    </UnitTestResult>
    <UnitTestResult executionId="66d7b66d-11ec-419b-acdb-b43a67bd4a54" testId="e8d894cf-50b3-e515-5fca-c2e7315d564e" testName="CommandGenerator.Tests.Runtime.CommandPoolAdvancedTests.Return_SameItemMultipleTimes_PooledCountIncreases" computerName="ubuntu-4gb-nbg1-1" duration="00:00:00.0007006" startTime="2025-12-29T01:13:21.9149937+00:00" endTime="2025-12-29T01:13:21.9149938+00:00" testType="13cdc9d9-ddb5-4fa4-a97d-d965ccfc6d4b" outcome="Passed" testListId="8c84fa94-04c1-424b-9868-57a2d4851a1d" relativeResultsDirectory="66d7b66d-11ec-419b-acdb-b43a67bd4a54" />
    <UnitTestResult executionId="165851cc-a6de-46e9-82e5-55c4b2d95530" testId="9353df05-437b-2500-3fe3-271c260f756f" testName="CommandGenerator.Tests.Generator.DiagnosticTests.NonPartialCommandQueue_CurrentBehavior_SkipsGenerationSilently" computerName="ubuntu-4gb-nbg1-1" duration="00:00:00.1058792" startTime="2025-12-29T01:11:53.7015380+00:00" endTime="2025-12-29T01:11:53.7015384+00:00" testType="13cdc9d9-ddb5-4fa4-a97d-d965ccfc6d4b" outcome="Failed" testListId="8c84fa94-04c1-424b-9868-57a2d4851a1d" relativeResultsDirectory="165851cc-a6de-46e9-82e5-55c4b2d95530">
      <Output>
        <ErrorInfo>
          <Message>Assert.Single() Failure: The collection contained 2 items
Collection: [
using CommandGenerator;

namespace TestNamespace
{
    [CommandQueue]
    public class NonPartialQueue
    {
        [CommandMethod]
        public void Execute() { }
    }
}, // &lt;auto-generated/&gt;
#nullable enable

using System;
using System.Collections.Generic;
using System.Runtime.CompilerServices;
using CommandGenerator;

namespace TestNamespace
{
    /// &lt;summary&gt;
    /// NonPartialQueue に登録可能なコマンドが実装すべきインターフェース
    /// &lt;/summary&gt;
    public interface INonPartialQueue
    {
        void Execute();
    }

    public partial class NonPartialQueue
    {
        #region Singleton &amp; Queue Storage

        private static readonly NonPartialQueue s_instance = new();

        // 優先度付きエントリ
        private readonly struct QueueEntry : IComparable&lt;QueueEntry&gt;
        {
            public readonly INonPartialQueue Command;
            public readonly int Priority;
            public readonly long Sequence;
            public readonly Action&lt;INonPartialQueue&gt; ReturnAction;

            public QueueEntry(
                INonPartialQueue command,
                int priority,
                long sequence,
                Action&lt;INonPartialQueue&gt; returnAction)
            {
                Command = command;
                Priority = priority;
                Sequence = sequence;
                ReturnAction = returnAction;
            }

            // 優先度降順、同優先度はSequence昇順（先着順）
            [MethodImpl(MethodImplOptions.AggressiveInlining)]
            public int CompareTo(QueueEntry other)
            {
                int cmp = other.Priority.CompareTo(Priority);
                if (cmp != 0) return cmp;
                return Sequence.CompareTo(other.Sequence);
            }
        }

        // ダブルバッファリング：現在実行中のキューと、次回用のキュー
        private List&lt;QueueEntry&gt; _currentQueue = new(64);
        private List&lt;QueueEntry&gt; _pendingQueue = new(64);
        private readonly object _pendingLock = new();
        private long _sequenceCounter = 0;
        private bool _isExecuting = false;

        #endregion

        #region Enqueue（マルチスレッドセーフ）

        /// &lt;summary&gt;
        /// コマンドをキューに追加する（マルチスレッドセーフ）
        /// &lt;/summary&gt;
        [MethodImpl(MethodImplOptions.AggressiveInlining)]
        public static void Enqueue&lt;TCommand&gt;(Action&lt;TCommand&gt; initializer)
            where TCommand : class, INonPartialQueue, ICommandPoolable&lt;TCommand&gt;, new()
        {
            s_instance.EnqueueInternal(initializer);
        }

        private void EnqueueInternal&lt;TCommand&gt;(Action&lt;TCommand&gt; initializer)
            where TCommand : class, INonPartialQueue, ICommandPoolable&lt;TCommand&gt;, new()
        {
            // プールから取得
            var command = CommandPool&lt;TCommand&gt;.Rent();

            // 初期化
            initializer(command);

            // 優先度取得（Source Generatorが各コマンドに生成する静的プロパティ）
            int priority = TCommand.PriorityForNonPartialQueue;

            // キューに追加
            lock (_pendingLock)
            {
                long seq = _sequenceCounter++;
                _pendingQueue.Add(new QueueEntry(
                    command,
                    priority,
                    seq,
                    static cmd =&gt; CommandPool&lt;TCommand&gt;.Return((TCommand)cmd)
                ));
            }
        }

        #endregion

        #region Execute（単一スレッド）

        public partial void Execute()
        {
            PrepareExecution();

            try
            {
                // ForceClear対応: ループ中にキューがクリアされる可能性を考慮
                int count = _currentQueue.Count;
                for (int i = 0; i &lt; count &amp;&amp; i &lt; _currentQueue.Count; i++)
                {
                    _currentQueue[i].Command.Execute();
                }
            }
            finally
            {
                // clear: true なのでクリア＆返却
                ClearAndReturnToPool();
            }
        }

        #endregion

        #region Internal Methods

        [MethodImpl(MethodImplOptions.AggressiveInlining)]
        private void PrepareExecution()
        {
            // Pendingキューをマージ
            lock (_pendingLock)
            {
                if (_pendingQueue.Count &gt; 0)
                {
                    _currentQueue.AddRange(_pendingQueue);
                    _pendingQueue.Clear();
                }
            }

            // ソート（優先度降順、同優先度は先着順）
            if (_currentQueue.Count &gt; 1)
            {
                _currentQueue.Sort();
            }

            _isExecuting = true;
        }

        [MethodImpl(MethodImplOptions.AggressiveInlining)]
        private void ClearAndReturnToPool()
        {
            for (int i = 0; i &lt; _currentQueue.Count; i++)
            {
                _currentQueue[i].ReturnAction(_currentQueue[i].Command);
            }
            _currentQueue.Clear();
            _isExecuting = false;
        }

        #endregion

        #region Utility

        /// &lt;summary&gt;
        /// 現在キューにあるコマンド数を取得
        /// &lt;/summary&gt;
        public static int Count
        {
            [MethodImpl(MethodImplOptions.AggressiveInlining)]
            get
            {
                lock (s_instance._pendingLock)
                {
                    return s_instance._currentQueue.Count + s_instance._pendingQueue.Count;
                }
            }
        }

        /// &lt;summary&gt;
        /// Pendingキューのみクリア（実行中でも安全）
        /// 次回実行予定のコマンドのみ破棄し、現在実行中のキューには影響しない
        /// &lt;/summary&gt;
        public static void Clear()
        {
            lock (s_instance._pendingLock)
            {
                for (int i = 0; i &lt; s_instance._pendingQueue.Count; i++)
                {
                    s_instance._pendingQueue[i].ReturnAction(
                        s_instance._pendingQueue[i].Command);
                }
                s_instance._pendingQueue.Clear();
            }
        }

        /// &lt;summary&gt;
        /// 全キューを強制クリア（実行中のキューも含む）
        /// シーン遷移やエラー発生時など、即座に全コマンドを破棄したい場合に使用
        /// 注意: 実行中に呼び出すと、以降のコマンドはスキップされる
        /// &lt;/summary&gt;
        public static void ForceClear()
        {
            // Pendingキューをクリア
            lock (s_instance._pendingLock)
            {
                for (int i = 0; i &lt; s_instance._pendingQueue.Count; i++)
                {
                    s_instance._pendingQueue[i].ReturnAction(
                        s_instance._pendingQueue[i].Command);
                }
                s_instance._pendingQueue.Clear();
            }

            // 現在のキューもクリア（実行中でも強制）
            for (int i = 0; i &lt; s_instance._currentQueue.Count; i++)
            {
                s_instance._currentQueue[i].ReturnAction(
                    s_instance._currentQueue[i].Command);
            }
            s_instance._currentQueue.Clear();
            s_instance._isExecuting = false;
        }

        #endregion
    }
}
]</Message>
          <StackTrace>   at CommandGenerator.Tests.Generator.DiagnosticTests.NonPartialCommandQueue_CurrentBehavior_SkipsGenerationSilently() in /root/code/game-libs/CommandGenerator/CommandGenerator.Tests/Generator/DiagnosticTests.cs:line 361
   at System.RuntimeMethodHandle.InvokeMethod(Object target, Void** arguments, Signature sig, Boolean isConstructor)
   at System.Reflection.MethodBaseInvoker.InvokeWithNoArgs(Object obj, BindingFlags invokeAttr)</StackTrace>
        </ErrorInfo>
      </Output>
    </UnitTestResult>
    <UnitTestResult executionId="970b3a09-2031-43d4-b35b-b5b903d52271" testId="3f02c6bf-1bf7-9edf-2fc5-9e8574215ffc" testName="CommandGenerator.Tests.Generator.FieldResetTests.MixedFieldTypes_ShouldGenerateCorrectReset" computerName="ubuntu-4gb-nbg1-1" duration="00:00:00.0652406" startTime="2025-12-29T01:11:50.5834961+00:00" endTime="2025-12-29T01:11:50.5834964+00:00" testType="13cdc9d9-ddb5-4fa4-a97d-d965ccfc6d4b" outcome="Failed" testListId="8c84fa94-04c1-424b-9868-57a2d4851a1d" relativeResultsDirectory="970b3a09-2031-43d4-b35b-b5b903d52271">
      <Output>
        <ErrorInfo>
          <Message>Assert.Contains() Failure: Sub-string not found
String:    "// &lt;auto-generated/&gt;\n#nullable enable\n\nus"···
Not found: "_intField = 5"</Message>
          <StackTrace>   at CommandGenerator.Tests.Generator.FieldResetTests.MixedFieldTypes_ShouldGenerateCorrectReset() in /root/code/game-libs/CommandGenerator/CommandGenerator.Tests/Generator/FieldResetTests.cs:line 699
   at System.RuntimeMethodHandle.InvokeMethod(Object target, Void** arguments, Signature sig, Boolean isConstructor)
   at System.Reflection.MethodBaseInvoker.InvokeWithNoArgs(Object obj, BindingFlags invokeAttr)</StackTrace>
        </ErrorInfo>
      </Output>
    </UnitTestResult>
    <UnitTestResult executionId="f65b9814-7bd2-4bf7-ae8c-42c2a31a5a04" testId="95587a33-241c-31fe-e503-43a4d1810132" testName="CommandGenerator.Tests.Runtime.CommandPoolTests.Return_ShouldIncreasePooledCount" computerName="ubuntu-4gb-nbg1-1" duration="00:00:00.0001754" startTime="2025-12-29T01:11:53.0202823+00:00" endTime="2025-12-29T01:11:53.0202828+00:00" testType="13cdc9d9-ddb5-4fa4-a97d-d965ccfc6d4b" outcome="Passed" testListId="8c84fa94-04c1-424b-9868-57a2d4851a1d" relativeResultsDirectory="f65b9814-7bd2-4bf7-ae8c-42c2a31a5a04" />
    <UnitTestResult executionId="6f3da179-c8a7-4ec3-8e69-b0fa24b65306" testId="8a1ad60d-48f1-e904-2a1b-a07102acd8b7" testName="CommandGenerator.Tests.Generator.DiagnosticTests.CG0003_Descriptor_ShouldHaveCorrectTitle" computerName="ubuntu-4gb-nbg1-1" duration="00:00:00.0001940" startTime="2025-12-29T01:11:53.5825601+00:00" endTime="2025-12-29T01:11:53.5825602+00:00" testType="13cdc9d9-ddb5-4fa4-a97d-d965ccfc6d4b" outcome="Passed" testListId="8c84fa94-04c1-424b-9868-57a2d4851a1d" relativeResultsDirectory="6f3da179-c8a7-4ec3-8e69-b0fa24b65306" />
    <UnitTestResult executionId="ae9f835b-441f-4589-b013-297cdc03ee70" testId="60102f39-fda8-ddb7-597a-2378edd3afba" testName="CommandGenerator.Tests.Attributes.CommandAttributeTests.CommandAttribute_SetPriority_ShouldWork" computerName="ubuntu-4gb-nbg1-1" duration="00:00:00.0016994" startTime="2025-12-29T01:11:53.3638116+00:00" endTime="2025-12-29T01:11:53.3638117+00:00" testType="13cdc9d9-ddb5-4fa4-a97d-d965ccfc6d4b" outcome="Passed" testListId="8c84fa94-04c1-424b-9868-57a2d4851a1d" relativeResultsDirectory="ae9f835b-441f-4589-b013-297cdc03ee70" />
    <UnitTestResult executionId="36f955c6-df24-45b4-832d-18210f60cc73" testId="79c977f0-33bf-6362-32d3-511c2b9fe35d" testName="CommandGenerator.Tests.Generator.FieldResetTests.JaggedArray_ShouldUseArrayClear" computerName="ubuntu-4gb-nbg1-1" duration="00:00:00.0667018" startTime="2025-12-29T01:11:49.6765719+00:00" endTime="2025-12-29T01:11:49.6765720+00:00" testType="13cdc9d9-ddb5-4fa4-a97d-d965ccfc6d4b" outcome="Failed" testListId="8c84fa94-04c1-424b-9868-57a2d4851a1d" relativeResultsDirectory="36f955c6-df24-45b4-832d-18210f60cc73">
      <Output>
        <ErrorInfo>
          <Message>Assert.Contains() Failure: Sub-string not found
String:    "// &lt;auto-generated/&gt;\n#nullable enable\n\nus"···
Not found: "System.Array.Clear(_jagged, 0, _jagged.Le"···</Message>
          <StackTrace>   at CommandGenerator.Tests.Generator.FieldResetTests.JaggedArray_ShouldUseArrayClear() in /root/code/game-libs/CommandGenerator/CommandGenerator.Tests/Generator/FieldResetTests.cs:line 306
   at System.RuntimeMethodHandle.InvokeMethod(Object target, Void** arguments, Signature sig, Boolean isConstructor)
   at System.Reflection.MethodBaseInvoker.InvokeWithNoArgs(Object obj, BindingFlags invokeAttr)</StackTrace>
        </ErrorInfo>
      </Output>
    </UnitTestResult>
    <UnitTestResult executionId="7c243586-7b9a-4912-a01d-8085d7554e77" testId="73e7e04a-7f4d-c0d2-165d-30b746e10efb" testName="CommandGenerator.Tests.Generator.DiagnosticTests.CG0006_Descriptor_ShouldHaveErrorSeverity" computerName="ubuntu-4gb-nbg1-1" duration="00:00:00.0001218" startTime="2025-12-29T01:11:53.7817909+00:00" endTime="2025-12-29T01:11:53.7817910+00:00" testType="13cdc9d9-ddb5-4fa4-a97d-d965ccfc6d4b" outcome="Passed" testListId="8c84fa94-04c1-424b-9868-57a2d4851a1d" relativeResultsDirectory="7c243586-7b9a-4912-a01d-8085d7554e77" />
    <UnitTestResult executionId="4aff6d9e-2b6f-4f31-a344-faf6b0656a78" testId="3ac8ef65-880a-d1fe-85e7-027acdebb6f3" testName="CommandGenerator.Tests.Runtime.ICommandPoolableTests.ResetToDefault_Implementation_ShouldResetFields" computerName="ubuntu-4gb-nbg1-1" duration="00:00:00.0044002" startTime="2025-12-29T01:11:53.4023222+00:00" endTime="2025-12-29T01:11:53.4023227+00:00" testType="13cdc9d9-ddb5-4fa4-a97d-d965ccfc6d4b" outcome="Passed" testListId="8c84fa94-04c1-424b-9868-57a2d4851a1d" relativeResultsDirectory="4aff6d9e-2b6f-4f31-a344-faf6b0656a78" />
    <UnitTestResult executionId="c364948e-8c0b-48fd-be61-2f59fe7f7d91" testId="e480e554-92b2-e580-b230-9db71eac1fcc" testName="CommandGenerator.Tests.Generator.CommandGeneratorTests.Generate_CommandQueue_ShouldContainEnqueue" computerName="ubuntu-4gb-nbg1-1" duration="00:00:00.0911614" startTime="2025-12-29T01:11:51.2351768+00:00" endTime="2025-12-29T01:11:51.2351770+00:00" testType="13cdc9d9-ddb5-4fa4-a97d-d965ccfc6d4b" outcome="Passed" testListId="8c84fa94-04c1-424b-9868-57a2d4851a1d" relativeResultsDirectory="c364948e-8c0b-48fd-be61-2f59fe7f7d91" />
    <UnitTestResult executionId="e5c3472e-7b58-48e1-b2bf-2ca5e9004964" testId="79ae7701-5410-022e-17e8-9b891f822d46" testName="CommandGenerator.Tests.Generator.CommandGeneratorAdvancedTests.FieldReset_MultipleCollections_ShouldGenerateAllClears" computerName="ubuntu-4gb-nbg1-1" duration="00:00:00.1035363" startTime="2025-12-29T01:11:51.4997946+00:00" endTime="2025-12-29T01:11:51.4997948+00:00" testType="13cdc9d9-ddb5-4fa4-a97d-d965ccfc6d4b" outcome="Failed" testListId="8c84fa94-04c1-424b-9868-57a2d4851a1d" relativeResultsDirectory="e5c3472e-7b58-48e1-b2bf-2ca5e9004964">
      <Output>
        <ErrorInfo>
          <Message>Assert.Contains() Failure: Sub-string not found
String:    "// &lt;auto-generated/&gt;\n#nullable enable\n\nus"···
Not found: "_list.Clear()"</Message>
          <StackTrace>   at CommandGenerator.Tests.Generator.CommandGeneratorAdvancedTests.FieldReset_MultipleCollections_ShouldGenerateAllClears() in /root/code/game-libs/CommandGenerator/CommandGenerator.Tests/Generator/CommandGeneratorAdvancedTests.cs:line 683
   at System.RuntimeMethodHandle.InvokeMethod(Object target, Void** arguments, Signature sig, Boolean isConstructor)
   at System.Reflection.MethodBaseInvoker.InvokeWithNoArgs(Object obj, BindingFlags invokeAttr)</StackTrace>
        </ErrorInfo>
      </Output>
    </UnitTestResult>
    <UnitTestResult executionId="2379c33e-06bf-438a-8b51-72f81eab6126" testId="2e0413f9-09cf-c283-3adc-4c588c6b9748" testName="CommandGenerator.Tests.Runtime.ICommandPoolableTests.ICommandPoolable_WithPool_RentedInstance_ShouldBeReset" computerName="ubuntu-4gb-nbg1-1" duration="00:00:00.0008760" startTime="2025-12-29T01:11:53.3754195+00:00" endTime="2025-12-29T01:11:53.3754197+00:00" testType="13cdc9d9-ddb5-4fa4-a97d-d965ccfc6d4b" outcome="Passed" testListId="8c84fa94-04c1-424b-9868-57a2d4851a1d" relativeResultsDirectory="2379c33e-06bf-438a-8b51-72f81eab6126" />
    <UnitTestResult executionId="8b6d9aa7-a860-4b67-af34-29de10382919" testId="4baee599-a315-f3bc-1102-03b98dac65db" testName="CommandGenerator.Tests.Runtime.CommandPoolTests.Rent_MultipleTimes_ShouldReturnDifferentInstances" computerName="ubuntu-4gb-nbg1-1" duration="00:00:00.0001867" startTime="2025-12-29T01:11:53.0352239+00:00" endTime="2025-12-29T01:11:53.0352239+00:00" testType="13cdc9d9-ddb5-4fa4-a97d-d965ccfc6d4b" outcome="Passed" testListId="8c84fa94-04c1-424b-9868-57a2d4851a1d" relativeResultsDirectory="8b6d9aa7-a860-4b67-af34-29de10382919" />
    <UnitTestResult executionId="0aaf20c2-1e5e-425e-a501-f899b9d08ef3" testId="8a674778-b9b0-82dd-8791-ea484cc45cbc" testName="CommandGenerator.Tests.Attributes.CommandAttributeTests.CommandAttribute_DefaultPriority_ShouldBeZero" computerName="ubuntu-4gb-nbg1-1" duration="00:00:00.0001328" startTime="2025-12-29T01:11:53.3734338+00:00" endTime="2025-12-29T01:11:53.3734339+00:00" testType="13cdc9d9-ddb5-4fa4-a97d-d965ccfc6d4b" outcome="Passed" testListId="8c84fa94-04c1-424b-9868-57a2d4851a1d" relativeResultsDirectory="0aaf20c2-1e5e-425e-a501-f899b9d08ef3" />
    <UnitTestResult executionId="9a464578-442a-4930-8ef5-c3d27c2b2e2e" testId="80b6b1e8-f73a-6cb4-e6da-fa5e038e23c8" testName="CommandGenerator.Tests.Runtime.ICommandPoolableTests.ICommandPoolable_WithInheritance_ShouldWork" computerName="ubuntu-4gb-nbg1-1" duration="00:00:00.0006200" startTime="2025-12-29T01:11:53.3963203+00:00" endTime="2025-12-29T01:11:53.3963205+00:00" testType="13cdc9d9-ddb5-4fa4-a97d-d965ccfc6d4b" outcome="Passed" testListId="8c84fa94-04c1-424b-9868-57a2d4851a1d" relativeResultsDirectory="9a464578-442a-4930-8ef5-c3d27c2b2e2e" />
    <UnitTestResult executionId="b30e4d36-661d-4e76-ac5f-26677fbc6745" testId="e3b18cb5-dea4-a49e-3f90-1722d76ad453" testName="CommandGenerator.Tests.Runtime.CommandPoolTests.RentAndReturn_ConcurrentAccess_ShouldMaintainConsistency" computerName="ubuntu-4gb-nbg1-1" duration="00:00:00.4429993" startTime="2025-12-29T01:11:53.0072235+00:00" endTime="2025-12-29T01:11:53.0072240+00:00" testType="13cdc9d9-ddb5-4fa4-a97d-d965ccfc6d4b" outcome="Passed" testListId="8c84fa94-04c1-424b-9868-57a2d4851a1d" relativeResultsDirectory="b30e4d36-661d-4e76-ac5f-26677fbc6745" />
    <UnitTestResult executionId="c79fe40b-b3e2-4753-bd9b-2c139b2d15c6" testId="2e5864de-f737-c334-a116-d30cf9447049" testName="CommandGenerator.Tests.Attributes.CommandAttributeTests.CommandQueueAttribute_ShouldBeCreatable" computerName="ubuntu-4gb-nbg1-1" duration="00:00:00.0002100" startTime="2025-12-29T01:11:53.3739109+00:00" endTime="2025-12-29T01:11:53.3739109+00:00" testType="13cdc9d9-ddb5-4fa4-a97d-d965ccfc6d4b" outcome="Passed" testListId="8c84fa94-04c1-424b-9868-57a2d4851a1d" relativeResultsDirectory="c79fe40b-b3e2-4753-bd9b-2c139b2d15c6" />
    <UnitTestResult executionId="738690bf-b04d-4186-a44d-bf594f4e1857" testId="20c743ad-2204-1ff3-5e2d-ab63a3da870d" testName="CommandGenerator.Tests.Runtime.CommandPoolTests.Prewarm_ShouldIncreasePoolSize" computerName="ubuntu-4gb-nbg1-1" duration="00:00:00.0001271" startTime="2025-12-29T01:11:53.0263213+00:00" endTime="2025-12-29T01:11:53.0263214+00:00" testType="13cdc9d9-ddb5-4fa4-a97d-d965ccfc6d4b" outcome="Passed" testListId="8c84fa94-04c1-424b-9868-57a2d4851a1d" relativeResultsDirectory="738690bf-b04d-4186-a44d-bf594f4e1857" />
    <UnitTestResult executionId="63fa65a1-e4d3-47de-a53d-e225f956ed5b" testId="37cce765-fa93-5da5-4bfa-c930429da474" testName="CommandGenerator.Tests.Generator.CommandGeneratorTests.Generate_Queue_ShouldContainExecuteMethod" computerName="ubuntu-4gb-nbg1-1" duration="00:00:00.0978214" startTime="2025-12-29T01:11:52.4206441+00:00" endTime="2025-12-29T01:11:52.4206443+00:00" testType="13cdc9d9-ddb5-4fa4-a97d-d965ccfc6d4b" outcome="Passed" testListId="8c84fa94-04c1-424b-9868-57a2d4851a1d" relativeResultsDirectory="63fa65a1-e4d3-47de-a53d-e225f956ed5b" />
    <UnitTestResult executionId="42d51e68-1aa1-4bce-b69b-7e6c75f6abc6" testId="00b5e27b-3250-9ab4-51c8-8ce5f9326ea8" testName="CommandGenerator.Tests.Generator.CommandGeneratorTests.Generate_EmptyQueue_ShouldNotFail" computerName="ubuntu-4gb-nbg1-1" duration="00:00:00.0743727" startTime="2025-12-29T01:11:52.2322340+00:00" endTime="2025-12-29T01:11:52.2322344+00:00" testType="13cdc9d9-ddb5-4fa4-a97d-d965ccfc6d4b" outcome="Passed" testListId="8c84fa94-04c1-424b-9868-57a2d4851a1d" relativeResultsDirectory="42d51e68-1aa1-4bce-b69b-7e6c75f6abc6" />
    <UnitTestResult executionId="943b23f3-f0ed-4927-9a84-de9fbc0ec33d" testId="26cc9cc6-9a0e-3107-17f7-9c2d9e9657c9" testName="CommandGenerator.Tests.Generator.CommandGeneratorAdvancedTests.FieldReset_Dictionary_ShouldGenerateClear" computerName="ubuntu-4gb-nbg1-1" duration="00:00:00.0854729" startTime="2025-12-29T01:11:53.3636374+00:00" endTime="2025-12-29T01:11:53.3636377+00:00" testType="13cdc9d9-ddb5-4fa4-a97d-d965ccfc6d4b" outcome="Failed" testListId="8c84fa94-04c1-424b-9868-57a2d4851a1d" relativeResultsDirectory="943b23f3-f0ed-4927-9a84-de9fbc0ec33d">
      <Output>
        <ErrorInfo>
          <Message>Assert.Contains() Failure: Sub-string not found
String:    "// &lt;auto-generated/&gt;\n#nullable enable\n\nus"···
Not found: "_map.Clear()"</Message>
          <StackTrace>   at CommandGenerator.Tests.Generator.CommandGeneratorAdvancedTests.FieldReset_Dictionary_ShouldGenerateClear() in /root/code/game-libs/CommandGenerator/CommandGenerator.Tests/Generator/CommandGeneratorAdvancedTests.cs:line 619
   at System.RuntimeMethodHandle.InvokeMethod(Object target, Void** arguments, Signature sig, Boolean isConstructor)
   at System.Reflection.MethodBaseInvoker.InvokeWithNoArgs(Object obj, BindingFlags invokeAttr)</StackTrace>
        </ErrorInfo>
      </Output>
    </UnitTestResult>
    <UnitTestResult executionId="32241e58-5d49-4c62-8898-004af73748c4" testId="7ecf8bed-2705-a96c-303c-6b7433883cd9" testName="CommandGenerator.Tests.Runtime.CommandPoolTests.PooledCount_Initially_ShouldBeAtLeastInitialCapacity" computerName="ubuntu-4gb-nbg1-1" duration="00:00:00.0000822" startTime="2025-12-29T01:11:53.0353004+00:00" endTime="2025-12-29T01:11:53.0353005+00:00" testType="13cdc9d9-ddb5-4fa4-a97d-d965ccfc6d4b" outcome="Passed" testListId="8c84fa94-04c1-424b-9868-57a2d4851a1d" relativeResultsDirectory="32241e58-5d49-4c62-8898-004af73748c4" />
    <UnitTestResult executionId="ed8cad90-b69e-445d-97dc-220f22646cee" testId="aac3d3f9-6858-1ebe-5eb7-28076f54129c" testName="CommandGenerator.Tests.Runtime.CommandPoolAdvancedTests.DictionaryField_AfterReturn_ShouldBeEmpty" computerName="ubuntu-4gb-nbg1-1" duration="00:00:00.0026028" startTime="2025-12-29T01:13:21.9116556+00:00" endTime="2025-12-29T01:13:21.9116557+00:00" testType="13cdc9d9-ddb5-4fa4-a97d-d965ccfc6d4b" outcome="Passed" testListId="8c84fa94-04c1-424b-9868-57a2d4851a1d" relativeResultsDirectory="ed8cad90-b69e-445d-97dc-220f22646cee" />
    <UnitTestResult executionId="9ac02961-33cf-476b-819e-ac078f6dc74f" testId="0d823395-7bf8-a236-cc8d-3dbbec84e995" testName="CommandGenerator.Tests.Generator.FieldResetTests.ValueTypeWithoutInitializer_ShouldResetToDefault" computerName="ubuntu-4gb-nbg1-1" duration="00:00:00.1360904" startTime="2025-12-29T01:11:49.4834619+00:00" endTime="2025-12-29T01:11:49.4834621+00:00" testType="13cdc9d9-ddb5-4fa4-a97d-d965ccfc6d4b" outcome="Failed" testListId="8c84fa94-04c1-424b-9868-57a2d4851a1d" relativeResultsDirectory="9ac02961-33cf-476b-819e-ac078f6dc74f">
      <Output>
        <ErrorInfo>
          <Message>Assert.Contains() Failure: Sub-string not found
String:    "// &lt;auto-generated/&gt;\n#nullable enable\n\nus"···
Not found: "_count = default"</Message>
          <StackTrace>   at CommandGenerator.Tests.Generator.FieldResetTests.ValueTypeWithoutInitializer_ShouldResetToDefault() in /root/code/game-libs/CommandGenerator/CommandGenerator.Tests/Generator/FieldResetTests.cs:line 739
   at System.RuntimeMethodHandle.InvokeMethod(Object target, Void** arguments, Signature sig, Boolean isConstructor)
   at System.Reflection.MethodBaseInvoker.InvokeWithNoArgs(Object obj, BindingFlags invokeAttr)</StackTrace>
        </ErrorInfo>
      </Output>
    </UnitTestResult>
    <UnitTestResult executionId="b8222b62-6729-4f0c-9695-8f1e779d315a" testId="15659050-ccf3-8b1d-b2cc-d2b837cd47c9" testName="CommandGenerator.Tests.Runtime.CommandPoolConfigTests.InitialCapacity_SetValue_ShouldPersist" computerName="ubuntu-4gb-nbg1-1" duration="00:00:00.0001499" startTime="2025-12-29T01:11:47.9812651+00:00" endTime="2025-12-29T01:11:47.9812654+00:00" testType="13cdc9d9-ddb5-4fa4-a97d-d965ccfc6d4b" outcome="Passed" testListId="8c84fa94-04c1-424b-9868-57a2d4851a1d" relativeResultsDirectory="b8222b62-6729-4f0c-9695-8f1e779d315a" />
    <UnitTestResult executionId="c5e3da53-5798-47ca-a744-158f288018e6" testId="0721025d-2e8b-0fff-77a0-a96075e693f9" testName="CommandGenerator.Tests.Generator.DiagnosticTests.PartialCommandQueue_ShouldNotEmitDiagnostics" computerName="ubuntu-4gb-nbg1-1" duration="00:00:00.0817051" startTime="2025-12-29T01:11:53.4943734+00:00" endTime="2025-12-29T01:11:53.4943737+00:00" testType="13cdc9d9-ddb5-4fa4-a97d-d965ccfc6d4b" outcome="Passed" testListId="8c84fa94-04c1-424b-9868-57a2d4851a1d" relativeResultsDirectory="c5e3da53-5798-47ca-a744-158f288018e6" />
    <UnitTestResult executionId="785bcf27-754c-4a2f-9724-34e4c8f36fd2" testId="15d7b68c-6203-52eb-d9d7-17c53ef5fa4b" testName="CommandGenerator.Tests.Generator.DiagnosticTests.CG0001_Descriptor_ShouldBeEnabledByDefault" computerName="ubuntu-4gb-nbg1-1" duration="00:00:00.0001390" startTime="2025-12-29T01:11:53.7835581+00:00" endTime="2025-12-29T01:11:53.7835581+00:00" testType="13cdc9d9-ddb5-4fa4-a97d-d965ccfc6d4b" outcome="Passed" testListId="8c84fa94-04c1-424b-9868-57a2d4851a1d" relativeResultsDirectory="785bcf27-754c-4a2f-9724-34e4c8f36fd2" />
    <UnitTestResult executionId="209b6ae1-efc5-4509-bd00-8934149f9da5" testId="5274af05-06c4-51f1-d55a-590af02315b3" testName="CommandGenerator.Tests.Runtime.CommandPoolAdvancedTests.Return_SameItemTwice_MayLeadToPoolCorruption" computerName="ubuntu-4gb-nbg1-1" duration="00:00:00.0009551" startTime="2025-12-29T01:13:21.9132919+00:00" endTime="2025-12-29T01:13:21.9132921+00:00" testType="13cdc9d9-ddb5-4fa4-a97d-d965ccfc6d4b" outcome="Passed" testListId="8c84fa94-04c1-424b-9868-57a2d4851a1d" relativeResultsDirectory="209b6ae1-efc5-4509-bd00-8934149f9da5" />
    <UnitTestResult executionId="41cc0998-2175-4a7d-be63-40733b140028" testId="29706576-ad8e-2e6c-a135-680ba6102a82" testName="CommandGenerator.Tests.Generator.CommandGeneratorAdvancedTests.Priority_DefaultShouldBeZero" computerName="ubuntu-4gb-nbg1-1" duration="00:00:00.0581554" startTime="2025-12-29T01:11:52.5916747+00:00" endTime="2025-12-29T01:11:52.5916750+00:00" testType="13cdc9d9-ddb5-4fa4-a97d-d965ccfc6d4b" outcome="Failed" testListId="8c84fa94-04c1-424b-9868-57a2d4851a1d" relativeResultsDirectory="41cc0998-2175-4a7d-be63-40733b140028">
      <Output>
        <ErrorInfo>
          <Message>Assert.Contains() Failure: Sub-string not found
String:    "// &lt;auto-generated/&gt;\n#nullable enable\n\nus"···
Not found: "get =&gt; 0"</Message>
          <StackTrace>   at CommandGenerator.Tests.Generator.CommandGeneratorAdvancedTests.Priority_DefaultShouldBeZero() in /root/code/game-libs/CommandGenerator/CommandGenerator.Tests/Generator/CommandGeneratorAdvancedTests.cs:line 367
   at System.RuntimeMethodHandle.InvokeMethod(Object target, Void** arguments, Signature sig, Boolean isConstructor)
   at System.Reflection.MethodBaseInvoker.InvokeWithNoArgs(Object obj, BindingFlags invokeAttr)</StackTrace>
        </ErrorInfo>
      </Output>
    </UnitTestResult>
    <UnitTestResult executionId="58122d9b-52d8-4139-aba2-158a4a25f858" testId="aa1ac607-1f13-5960-3b3a-6809389b7098" testName="CommandGenerator.Tests.Generator.CommandGeneratorAdvancedTests.PoolInitialCapacity_ShouldUseMaxWhenMultipleQueues" computerName="ubuntu-4gb-nbg1-1" duration="00:00:00.0854955" startTime="2025-12-29T01:11:52.2446235+00:00" endTime="2025-12-29T01:11:52.2446240+00:00" testType="13cdc9d9-ddb5-4fa4-a97d-d965ccfc6d4b" outcome="Failed" testListId="8c84fa94-04c1-424b-9868-57a2d4851a1d" relativeResultsDirectory="58122d9b-52d8-4139-aba2-158a4a25f858">
      <Output>
        <ErrorInfo>
          <Message>Assert.Contains() Failure: Sub-string not found
String:    "// &lt;auto-generated/&gt;\n#nullable enable\n\nus"···
Not found: "InitialCapacity = 32"</Message>
          <StackTrace>   at CommandGenerator.Tests.Generator.CommandGeneratorAdvancedTests.PoolInitialCapacity_ShouldUseMaxWhenMultipleQueues() in /root/code/game-libs/CommandGenerator/CommandGenerator.Tests/Generator/CommandGeneratorAdvancedTests.cs:line 719
   at System.RuntimeMethodHandle.InvokeMethod(Object target, Void** arguments, Signature sig, Boolean isConstructor)
   at System.Reflection.MethodBaseInvoker.InvokeWithNoArgs(Object obj, BindingFlags invokeAttr)</StackTrace>
        </ErrorInfo>
      </Output>
    </UnitTestResult>
    <UnitTestResult executionId="aef8356e-d699-4690-aec5-edc1753d3b40" testId="67f6ac07-3d92-449d-319b-e4665d55d7ee" testName="CommandGenerator.Tests.Generator.CommandGeneratorTests.Generate_Queue_ShouldContainCount" computerName="ubuntu-4gb-nbg1-1" duration="00:00:00.1207525" startTime="2025-12-29T01:11:51.3602992+00:00" endTime="2025-12-29T01:11:51.3602995+00:00" testType="13cdc9d9-ddb5-4fa4-a97d-d965ccfc6d4b" outcome="Passed" testListId="8c84fa94-04c1-424b-9868-57a2d4851a1d" relativeResultsDirectory="aef8356e-d699-4690-aec5-edc1753d3b40" />
    <UnitTestResult executionId="8e436f01-f1f0-4c18-a4b5-11a81896dc37" testId="05646d31-83c8-952f-a21e-bc594078e277" testName="CommandGenerator.Tests.Runtime.CommandPoolAdvancedTests.LargePool_InitialCapacity1000_ShouldWork" computerName="ubuntu-4gb-nbg1-1" duration="00:00:00.0024615" startTime="2025-12-29T01:11:53.0502209+00:00" endTime="2025-12-29T01:11:53.0502211+00:00" testType="13cdc9d9-ddb5-4fa4-a97d-d965ccfc6d4b" outcome="Passed" testListId="8c84fa94-04c1-424b-9868-57a2d4851a1d" relativeResultsDirectory="8e436f01-f1f0-4c18-a4b5-11a81896dc37" />
    <UnitTestResult executionId="76abce13-018c-4cea-8756-7e8116a98a64" testId="c6e49d2d-186e-35ad-876d-b35fa9cef6cc" testName="CommandGenerator.Tests.Generator.DiagnosticTests.CG0002_Descriptor_ShouldHaveCorrectCategory" computerName="ubuntu-4gb-nbg1-1" duration="00:00:00.0001151" startTime="2025-12-29T01:11:53.7830631+00:00" endTime="2025-12-29T01:11:53.7830631+00:00" testType="13cdc9d9-ddb5-4fa4-a97d-d965ccfc6d4b" outcome="Passed" testListId="8c84fa94-04c1-424b-9868-57a2d4851a1d" relativeResultsDirectory="76abce13-018c-4cea-8756-7e8116a98a64" />
    <UnitTestResult executionId="f25a4e9e-992a-4faa-8411-0496961313bf" testId="c5ec740b-90f7-48ae-06ab-0b2f51db418c" testName="CommandGenerator.Tests.Generator.FieldResetTests.NullableObjectField_ShouldResetToDefaultBang" computerName="ubuntu-4gb-nbg1-1" duration="00:00:00.0869862" startTime="2025-12-29T01:11:50.4750074+00:00" endTime="2025-12-29T01:11:50.4750076+00:00" testType="13cdc9d9-ddb5-4fa4-a97d-d965ccfc6d4b" outcome="Failed" testListId="8c84fa94-04c1-424b-9868-57a2d4851a1d" relativeResultsDirectory="f25a4e9e-992a-4faa-8411-0496961313bf">
      <Output>
        <ErrorInfo>
          <Message>Assert.Contains() Failure: Sub-string not found
String:    "// &lt;auto-generated/&gt;\n#nullable enable\n\nus"···
Not found: "_data = default!"</Message>
          <StackTrace>   at CommandGenerator.Tests.Generator.FieldResetTests.NullableObjectField_ShouldResetToDefaultBang() in /root/code/game-libs/CommandGenerator/CommandGenerator.Tests/Generator/FieldResetTests.cs:line 108
   at System.RuntimeMethodHandle.InvokeMethod(Object target, Void** arguments, Signature sig, Boolean isConstructor)
   at System.Reflection.MethodBaseInvoker.InvokeWithNoArgs(Object obj, BindingFlags invokeAttr)</StackTrace>
        </ErrorInfo>
      </Output>
    </UnitTestResult>
    <UnitTestResult executionId="bfaaff44-a3a3-42e2-98a5-5d9553f32cf6" testId="d85828b5-5c7d-dcd1-9981-a5cb5a0e2a5a" testName="CommandGenerator.Tests.Runtime.ICommandPoolableTests.ResetToDefault_Implementation_ShouldBeCallableMultipleTimes" computerName="ubuntu-4gb-nbg1-1" duration="00:00:00.0001533" startTime="2025-12-29T01:11:53.3944636+00:00" endTime="2025-12-29T01:11:53.3944637+00:00" testType="13cdc9d9-ddb5-4fa4-a97d-d965ccfc6d4b" outcome="Passed" testListId="8c84fa94-04c1-424b-9868-57a2d4851a1d" relativeResultsDirectory="bfaaff44-a3a3-42e2-98a5-5d9553f32cf6" />
    <UnitTestResult executionId="fe0c131f-63eb-4e61-b8a0-97bdc881f0f0" testId="248c53fa-32c5-47b9-644a-cf39df841285" testName="CommandGenerator.Tests.Runtime.CommandPoolConfigTests.InitialCapacity_MaxIntValue_ShouldWork" computerName="ubuntu-4gb-nbg1-1" duration="00:00:00.0001208" startTime="2025-12-29T01:11:47.9109311+00:00" endTime="2025-12-29T01:11:47.9109312+00:00" testType="13cdc9d9-ddb5-4fa4-a97d-d965ccfc6d4b" outcome="Passed" testListId="8c84fa94-04c1-424b-9868-57a2d4851a1d" relativeResultsDirectory="fe0c131f-63eb-4e61-b8a0-97bdc881f0f0" />
    <UnitTestResult executionId="a14053f1-88d3-4b79-8608-065f192e3570" testId="06a46aa2-8e99-a001-b341-08b6090e6c08" testName="CommandGenerator.Tests.Runtime.ICommandPoolableTests.ResetToDefault_WithGuid_ShouldResetToEmpty" computerName="ubuntu-4gb-nbg1-1" duration="00:00:00.0042521" startTime="2025-12-29T01:11:53.3908566+00:00" endTime="2025-12-29T01:11:53.3908567+00:00" testType="13cdc9d9-ddb5-4fa4-a97d-d965ccfc6d4b" outcome="Passed" testListId="8c84fa94-04c1-424b-9868-57a2d4851a1d" relativeResultsDirectory="a14053f1-88d3-4b79-8608-065f192e3570" />
    <UnitTestResult executionId="d4493aab-c131-4dad-bd2c-c756a4e06291" testId="68368c32-056a-f7c8-d7ff-b91edbfb874b" testName="CommandGenerator.Tests.Runtime.CommandPoolTests.Return_ThenRent_ShouldReturnSameInstance" computerName="ubuntu-4gb-nbg1-1" duration="00:00:00.0003611" startTime="2025-12-29T01:11:53.0350537+00:00" endTime="2025-12-29T01:11:53.0350538+00:00" testType="13cdc9d9-ddb5-4fa4-a97d-d965ccfc6d4b" outcome="Passed" testListId="8c84fa94-04c1-424b-9868-57a2d4851a1d" relativeResultsDirectory="d4493aab-c131-4dad-bd2c-c756a4e06291" />
    <UnitTestResult executionId="8143e394-66a2-4dfa-864c-13dea92f5206" testId="679b9237-bee0-64eb-6b2f-20d2b0742f9f" testName="CommandGenerator.Tests.Runtime.CommandPoolTests.Return_ConcurrentAccess_ShouldNotThrow" computerName="ubuntu-4gb-nbg1-1" duration="00:00:00.0054258" startTime="2025-12-29T01:11:53.0244161+00:00" endTime="2025-12-29T01:11:53.0244165+00:00" testType="13cdc9d9-ddb5-4fa4-a97d-d965ccfc6d4b" outcome="Passed" testListId="8c84fa94-04c1-424b-9868-57a2d4851a1d" relativeResultsDirectory="8143e394-66a2-4dfa-864c-13dea92f5206" />
    <UnitTestResult executionId="3c22a5af-a9ef-4617-8843-49c0d0731759" testId="0379add8-a712-f4fa-49fa-9e1972ac2f28" testName="CommandGenerator.Tests.Generator.CommandGeneratorTests.Generator_ShouldBeCreatable" computerName="ubuntu-4gb-nbg1-1" duration="00:00:00.0002849" startTime="2025-12-29T01:11:51.0760684+00:00" endTime="2025-12-29T01:11:51.0760685+00:00" testType="13cdc9d9-ddb5-4fa4-a97d-d965ccfc6d4b" outcome="Passed" testListId="8c84fa94-04c1-424b-9868-57a2d4851a1d" relativeResultsDirectory="3c22a5af-a9ef-4617-8843-49c0d0731759" />
    <UnitTestResult executionId="475290a4-8516-4234-8db5-25553cd23fd9" testId="c88f01ea-7c69-3235-a029-213bba2c0af5" testName="CommandGenerator.Tests.Runtime.CommandPoolAdvancedTests.ListField_AfterReturn_ShouldBeEmpty" computerName="ubuntu-4gb-nbg1-1" duration="00:00:00.0001958" startTime="2025-12-29T01:13:21.9120875+00:00" endTime="2025-12-29T01:13:21.9120876+00:00" testType="13cdc9d9-ddb5-4fa4-a97d-d965ccfc6d4b" outcome="Passed" testListId="8c84fa94-04c1-424b-9868-57a2d4851a1d" relativeResultsDirectory="475290a4-8516-4234-8db5-25553cd23fd9" />
    <UnitTestResult executionId="98194d90-048c-46a1-a140-54a9377c90a0" testId="0c49ce9b-f29f-bed3-bb7f-0d4d5b961165" testName="CommandGenerator.Tests.Generator.FieldResetTests.ReadonlyField_ShouldNotBeReset" computerName="ubuntu-4gb-nbg1-1" duration="00:00:00.0920684" startTime="2025-12-29T01:11:49.9865626+00:00" endTime="2025-12-29T01:11:49.9865628+00:00" testType="13cdc9d9-ddb5-4fa4-a97d-d965ccfc6d4b" outcome="Failed" testListId="8c84fa94-04c1-424b-9868-57a2d4851a1d" relativeResultsDirectory="98194d90-048c-46a1-a140-54a9377c90a0">
      <Output>
        <ErrorInfo>
          <Message>Assert.Contains() Failure: Sub-string not found
String:    ""
Not found: "_mutableValue = "</Message>
          <StackTrace>   at CommandGenerator.Tests.Generator.FieldResetTests.ReadonlyField_ShouldNotBeReset() in /root/code/game-libs/CommandGenerator/CommandGenerator.Tests/Generator/FieldResetTests.cs:line 660
   at System.RuntimeMethodHandle.InvokeMethod(Object target, Void** arguments, Signature sig, Boolean isConstructor)
   at System.Reflection.MethodBaseInvoker.InvokeWithNoArgs(Object obj, BindingFlags invokeAttr)</StackTrace>
        </ErrorInfo>
      </Output>
    </UnitTestResult>
    <UnitTestResult executionId="e46fb7d1-8f11-4b6f-9801-0597ff8d1700" testId="d1c352ab-80fb-b060-5947-286b8c847041" testName="CommandGenerator.Tests.Generator.CommandGeneratorAdvancedTests.Command_WithMultipleQueueAttributes_ShouldGenerateMultiplePriorityProperties" computerName="ubuntu-4gb-nbg1-1" duration="00:00:00.1004759" startTime="2025-12-29T01:11:53.2772751+00:00" endTime="2025-12-29T01:11:53.2772755+00:00" testType="13cdc9d9-ddb5-4fa4-a97d-d965ccfc6d4b" outcome="Passed" testListId="8c84fa94-04c1-424b-9868-57a2d4851a1d" relativeResultsDirectory="e46fb7d1-8f11-4b6f-9801-0597ff8d1700" />
[...]
[xUnit.net 00:00:06.04]                   where TCommand : class, INonPartialQueue, ICommandPoolable&lt;TCommand&gt;, new()
[xUnit.net 00:00:06.04]               {
[xUnit.net 00:00:06.04]                   // プールから取得
[xUnit.net 00:00:06.04]                   var command = CommandPool&lt;TCommand&gt;.Rent();
[xUnit.net 00:00:06.04]       
[xUnit.net 00:00:06.04]                   // 初期化
[xUnit.net 00:00:06.04]                   initializer(command);
[xUnit.net 00:00:06.04]       
[xUnit.net 00:00:06.04]                   // 優先度取得（Source Generatorが各コマンドに生成する静的プロパティ）
[xUnit.net 00:00:06.04]                   int priority = TCommand.PriorityForNonPartialQueue;
[xUnit.net 00:00:06.04]       
[xUnit.net 00:00:06.04]                   // キューに追加
[xUnit.net 00:00:06.04]                   lock (_pendingLock)
[xUnit.net 00:00:06.04]                   {
[xUnit.net 00:00:06.04]                       long seq = _sequenceCounter++;
[xUnit.net 00:00:06.04]                       _pendingQueue.Add(new QueueEntry(
[xUnit.net 00:00:06.04]                           command,
[xUnit.net 00:00:06.04]                           priority,
[xUnit.net 00:00:06.04]                           seq,
[xUnit.net 00:00:06.04]                           static cmd =&gt; CommandPool&lt;TCommand&gt;.Return((TCommand)cmd)
[xUnit.net 00:00:06.04]                       ));
[xUnit.net 00:00:06.04]                   }
[xUnit.net 00:00:06.04]               }
[xUnit.net 00:00:06.04]       
[xUnit.net 00:00:06.04]               #endregion
[xUnit.net 00:00:06.04]       
[xUnit.net 00:00:06.04]               #region Execute（単一スレッド）
[xUnit.net 00:00:06.04]       
[xUnit.net 00:00:06.04]               public partial void Execute()
[xUnit.net 00:00:06.04]               {
[xUnit.net 00:00:06.04]                   PrepareExecution();
[xUnit.net 00:00:06.04]       
[xUnit.net 00:00:06.04]                   try
[xUnit.net 00:00:06.04]                   {
[xUnit.net 00:00:06.04]                       // ForceClear対応: ループ中にキューがクリアされる可能性を考慮
[xUnit.net 00:00:06.04]                       int count = _currentQueue.Count;
[xUnit.net 00:00:06.04]                       for (int i = 0; i &lt; count &amp;&amp; i &lt; _currentQueue.Count; i++)
[xUnit.net 00:00:06.04]                       {
[xUnit.net 00:00:06.04]                           _currentQueue[i].Command.Execute();
[xUnit.net 00:00:06.04]                       }
[xUnit.net 00:00:06.04]                   }
[xUnit.net 00:00:06.04]                   finally
[xUnit.net 00:00:06.04]                   {
[xUnit.net 00:00:06.04]                       // clear: true なのでクリア＆返却
[xUnit.net 00:00:06.04]                       ClearAndReturnToPool();
[xUnit.net 00:00:06.04]                   }
[xUnit.net 00:00:06.04]               }
[xUnit.net 00:00:06.04]       
[xUnit.net 00:00:06.04]               #endregion
[xUnit.net 00:00:06.04]       
[xUnit.net 00:00:06.04]               #region Internal Methods
[xUnit.net 00:00:06.04]       
[xUnit.net 00:00:06.04]               [MethodImpl(MethodImplOptions.AggressiveInlining)]
[xUnit.net 00:00:06.04]               private void PrepareExecution()
[xUnit.net 00:00:06.04]               {
[xUnit.net 00:00:06.04]                   // Pendingキューをマージ
[xUnit.net 00:00:06.04]                   lock (_pendingLock)
[xUnit.net 00:00:06.04]                   {
[xUnit.net 00:00:06.04]                       if (_pendingQueue.Count &gt; 0)
[xUnit.net 00:00:06.04]                       {
[xUnit.net 00:00:06.04]                           _currentQueue.AddRange(_pendingQueue);
[xUnit.net 00:00:06.04]                           _pendingQueue.Clear();
[xUnit.net 00:00:06.04]                       }
[xUnit.net 00:00:06.04]                   }
[xUnit.net 00:00:06.04]       
[xUnit.net 00:00:06.04]                   // ソート（優先度降順、同優先度は先着順）
[xUnit.net 00:00:06.04]                   if (_currentQueue.Count &gt; 1)
[xUnit.net 00:00:06.04]                   {
[xUnit.net 00:00:06.04]                       _currentQueue.Sort();
[xUnit.net 00:00:06.04]                   }
[xUnit.net 00:00:06.04]       
[xUnit.net 00:00:06.04]                   _isExecuting = true;
[xUnit.net 00:00:06.04]               }
[xUnit.net 00:00:06.04]       
[xUnit.net 00:00:06.04]               [MethodImpl(MethodImplOptions.AggressiveInlining)]
[xUnit.net 00:00:06.04]               private void ClearAndReturnToPool()
[xUnit.net 00:00:06.04]               {
[xUnit.net 00:00:06.04]                   for (int i = 0; i &lt; _currentQueue.Count; i++)
[xUnit.net 00:00:06.04]                   {
[xUnit.net 00:00:06.04]                       _currentQueue[i].ReturnAction(_currentQueue[i].Command);
[xUnit.net 00:00:06.04]                   }
[xUnit.net 00:00:06.04]                   _currentQueue.Clear();
[xUnit.net 00:00:06.04]                   _isExecuting = false;
[xUnit.net 00:00:06.04]               }
[xUnit.net 00:00:06.04]       
[xUnit.net 00:00:06.04]               #endregion
[xUnit.net 00:00:06.04]       
[xUnit.net 00:00:06.04]               #region Utility
[xUnit.net 00:00:06.04]       
[xUnit.net 00:00:06.04]               /// &lt;summary&gt;
[xUnit.net 00:00:06.04]               /// 現在キューにあるコマンド数を取得
[xUnit.net 00:00:06.04]               /// &lt;/summary&gt;
[xUnit.net 00:00:06.04]               public static int Count
[xUnit.net 00:00:06.04]               {
[xUnit.net 00:00:06.04]                   [MethodImpl(MethodImplOptions.AggressiveInlining)]
[xUnit.net 00:00:06.04]                   get
[xUnit.net 00:00:06.04]                   {
[xUnit.net 00:00:06.04]                       lock (s_instance._pendingLock)
[xUnit.net 00:00:06.04]                       {
[xUnit.net 00:00:06.04]                           return s_instance._currentQueue.Count + s_instance._pendingQueue.Count;
[xUnit.net 00:00:06.04]                       }
[xUnit.net 00:00:06.04]                   }
[xUnit.net 00:00:06.04]               }
[xUnit.net 00:00:06.04]       
[xUnit.net 00:00:06.04]               /// &lt;summary&gt;
[xUnit.net 00:00:06.04]               /// Pendingキューのみクリア（実行中でも安全）
[xUnit.net 00:00:06.04]               /// 次回実行予定のコマンドのみ破棄し、現在実行中のキューには影響しない
[xUnit.net 00:00:06.04]               /// &lt;/summary&gt;
[xUnit.net 00:00:06.04]               public static void Clear()
[xUnit.net 00:00:06.04]               {
[xUnit.net 00:00:06.04]                   lock (s_instance._pendingLock)
[xUnit.net 00:00:06.04]                   {
[xUnit.net 00:00:06.04]                       for (int i = 0; i &lt; s_instance._pendingQueue.Count; i++)
[xUnit.net 00:00:06.04]                       {
[xUnit.net 00:00:06.04]                           s_instance._pendingQueue[i].ReturnAction(
[xUnit.net 00:00:06.04]                               s_instance._pendingQueue[i].Command);
[xUnit.net 00:00:06.04]                       }
[xUnit.net 00:00:06.04]                       s_instance._pendingQueue.Clear();
[xUnit.net 00:00:06.04]                   }
[xUnit.net 00:00:06.04]               }
[xUnit.net 00:00:06.04]       
[xUnit.net 00:00:06.04]               /// &lt;summary&gt;
[xUnit.net 00:00:06.04]               /// 全キューを強制クリア（実行中のキューも含む）
[xUnit.net 00:00:06.04]               /// シーン遷移やエラー発生時など、即座に全コマンドを破棄したい場合に使用
[xUnit.net 00:00:06.04]               /// 注意: 実行中に呼び出すと、以降のコマンドはスキップされる
[xUnit.net 00:00:06.04]               /// &lt;/summary&gt;
[xUnit.net 00:00:06.04]               public static void ForceClear()
[xUnit.net 00:00:06.04]               {
[xUnit.net 00:00:06.04]                   // Pendingキューをクリア
[xUnit.net 00:00:06.04]                   lock (s_instance._pendingLock)
[xUnit.net 00:00:06.04]                   {
[xUnit.net 00:00:06.04]                       for (int i = 0; i &lt; s_instance._pendingQueue.Count; i++)
[xUnit.net 00:00:06.04]                       {
[xUnit.net 00:00:06.04]                           s_instance._pendingQueue[i].ReturnAction(
[xUnit.net 00:00:06.04]                               s_instance._pendingQueue[i].Command);
[xUnit.net 00:00:06.04]                       }
[xUnit.net 00:00:06.04]                       s_instance._pendingQueue.Clear();
[xUnit.net 00:00:06.04]                   }
[xUnit.net 00:00:06.04]       
[xUnit.net 00:00:06.04]                   // 現在のキューもクリア（実行中でも強制）
[xUnit.net 00:00:06.04]                   for (int i = 0; i &lt; s_instance._currentQueue.Count; i++)
[xUnit.net 00:00:06.04]                   {
[xUnit.net 00:00:06.04]                       s_instance._currentQueue[i].ReturnAction(
[xUnit.net 00:00:06.05]                           s_instance._currentQueue[i].Command);
[xUnit.net 00:00:06.05]                   }
[xUnit.net 00:00:06.05]                   s_instance._currentQueue.Clear();
[xUnit.net 00:00:06.05]                   s_instance._isExecuting = false;
[xUnit.net 00:00:06.05]               }
[xUnit.net 00:00:06.05]       
[xUnit.net 00:00:06.05]               #endregion
[xUnit.net 00:00:06.05]           }
[xUnit.net 00:00:06.05]       }
[xUnit.net 00:00:06.05]       ]
[xUnit.net 00:00:06.05]       Stack Trace:
[xUnit.net 00:00:06.05]         /root/code/game-libs/CommandGenerator/CommandGenerator.Tests/Generator/DiagnosticTests.cs(361,0): at CommandGenerator.Tests.Generator.DiagnosticTests.NonPartialCommandQueue_CurrentBehavior_SkipsGenerationSilently()
[xUnit.net 00:00:06.05]            at System.RuntimeMethodHandle.InvokeMethod(Object target, Void** arguments, Signature sig, Boolean isConstructor)
[xUnit.net 00:00:06.05]            at System.Reflection.MethodBaseInvoker.InvokeWithNoArgs(Object obj, BindingFlags invokeAttr)
[xUnit.net 00:01:34.27]   Finished:    CommandGenerator.Tests
</StdOut>
    </Output>
    <RunInfos>
      <RunInfo computerName="ubuntu-4gb-nbg1-1" outcome="Error" timestamp="2025-12-29T01:11:49.1617019+00:00">
        <Text>[xUnit.net 00:00:01.50]     CommandGenerator.Tests.Generator.FieldResetTests.FieldWithExpressionInitializer_ShouldPreserveExpression [FAIL]</Text>
      </RunInfo>
      <RunInfo computerName="ubuntu-4gb-nbg1-1" outcome="Error" timestamp="2025-12-29T01:11:49.2471967+00:00">
        <Text>[xUnit.net 00:00:01.59]     CommandGenerator.Tests.Generator.FieldResetTests.TwoDimensionalArray_ShouldUseArrayClear [FAIL]</Text>
      </RunInfo>
      <RunInfo computerName="ubuntu-4gb-nbg1-1" outcome="Error" timestamp="2025-12-29T01:11:49.3450768+00:00">
        <Text>[xUnit.net 00:00:01.69]     CommandGenerator.Tests.Generator.FieldResetTests.FieldWithFloatInitializer_ShouldPreserveValue [FAIL]</Text>
      </RunInfo>
      <RunInfo computerName="ubuntu-4gb-nbg1-1" outcome="Error" timestamp="2025-12-29T01:11:49.4841216+00:00">
        <Text>[xUnit.net 00:00:01.83]     CommandGenerator.Tests.Generator.FieldResetTests.ValueTypeWithoutInitializer_ShouldResetToDefault [FAIL]</Text>
      </RunInfo>
      <RunInfo computerName="ubuntu-4gb-nbg1-1" outcome="Error" timestamp="2025-12-29T01:11:49.6057006+00:00">
        <Text>[xUnit.net 00:00:01.95]     CommandGenerator.Tests.Generator.FieldResetTests.FieldWithDoubleInitializer_ShouldPreserveValue [FAIL]</Text>
      </RunInfo>
      <RunInfo computerName="ubuntu-4gb-nbg1-1" outcome="Error" timestamp="2025-12-29T01:11:49.6770279+00:00">
        <Text>[xUnit.net 00:00:02.02]     CommandGenerator.Tests.Generator.FieldResetTests.JaggedArray_ShouldUseArrayClear [FAIL]</Text>
      </RunInfo>
      <RunInfo computerName="ubuntu-4gb-nbg1-1" outcome="Error" timestamp="2025-12-29T01:11:49.7405840+00:00">
        <Text>[xUnit.net 00:00:02.08]     CommandGenerator.Tests.Generator.FieldResetTests.DeepJaggedArray_ShouldUseArrayClear [FAIL]</Text>
      </RunInfo>
      <RunInfo computerName="ubuntu-4gb-nbg1-1" outcome="Error" timestamp="2025-12-29T01:11:49.8185245+00:00">
        <Text>[xUnit.net 00:00:02.16]     CommandGenerator.Tests.Generator.FieldResetTests.FieldWithNegativeInitializer_ShouldPreserveValue [FAIL]</Text>
      </RunInfo>
      <RunInfo computerName="ubuntu-4gb-nbg1-1" outcome="Error" timestamp="2025-12-29T01:11:49.8833725+00:00">
        <Text>[xUnit.net 00:00:02.23]     CommandGenerator.Tests.Generator.FieldResetTests.FieldWithStringInitializer_ShouldPreserveValue [FAIL]</Text>
      </RunInfo>
      <RunInfo computerName="ubuntu-4gb-nbg1-1" outcome="Error" timestamp="2025-12-29T01:11:49.9771247+00:00">
        <Text>[xUnit.net 00:00:02.32]     CommandGenerator.Tests.Generator.FieldResetTests.ReadonlyField_ShouldNotBeReset [FAIL]</Text>
      </RunInfo>
      <RunInfo computerName="ubuntu-4gb-nbg1-1" outcome="Error" timestamp="2025-12-29T01:11:50.0803563+00:00">
        <Text>[xUnit.net 00:00:02.42]     CommandGenerator.Tests.Generator.FieldResetTests.ThreeDimensionalArray_ShouldUseArrayClear [FAIL]</Text>
      </RunInfo>
      <RunInfo computerName="ubuntu-4gb-nbg1-1" outcome="Error" timestamp="2025-12-29T01:11:50.1469260+00:00">
        <Text>[xUnit.net 00:00:02.49]     CommandGenerator.Tests.Generator.FieldResetTests.MultipleNullableFields_ShouldAllReset [FAIL]</Text>
      </RunInfo>
      <RunInfo computerName="ubuntu-4gb-nbg1-1" outcome="Error" timestamp="2025-12-29T01:11:50.2048827+00:00">
        <Text>[xUnit.net 00:00:02.55]     CommandGenerator.Tests.Generator.FieldResetTests.StaticField_ShouldNotBeReset [FAIL]</Text>
      </RunInfo>
      <RunInfo computerName="ubuntu-4gb-nbg1-1" outcome="Error" timestamp="2025-12-29T01:11:50.2563718+00:00">
        <Text>[xUnit.net 00:00:02.60]     CommandGenerator.Tests.Generator.FieldResetTests.StringArray_ShouldUseArrayClear [FAIL]</Text>
      </RunInfo>
      <RunInfo computerName="ubuntu-4gb-nbg1-1" outcome="Error" timestamp="2025-12-29T01:11:50.3864453+00:00">
        <Text>[xUnit.net 00:00:02.73]     CommandGenerator.Tests.Generator.FieldResetTests.FieldWithIntInitializer_ShouldPreserveValue [FAIL]</Text>
      </RunInfo>
      <RunInfo computerName="ubuntu-4gb-nbg1-1" outcome="Error" timestamp="2025-12-29T01:11:50.4766683+00:00">
        <Text>[xUnit.net 00:00:02.82]     CommandGenerator.Tests.Generator.FieldResetTests.NullableObjectField_ShouldResetToDefaultBang [FAIL]</Text>
      </RunInfo>
      <RunInfo computerName="ubuntu-4gb-nbg1-1" outcome="Error" timestamp="2025-12-29T01:11:50.5190586+00:00">
        <Text>[xUnit.net 00:00:02.86]     CommandGenerator.Tests.Generator.FieldResetTests.FieldWithBoolInitializer_ShouldPreserveValue [FAIL]</Text>
      </RunInfo>
      <RunInfo computerName="ubuntu-4gb-nbg1-1" outcome="Error" timestamp="2025-12-29T01:11:50.5847937+00:00">
        <Text>[xUnit.net 00:00:02.93]     CommandGenerator.Tests.Generator.FieldResetTests.MixedFieldTypes_ShouldGenerateCorrectReset [FAIL]</Text>
      </RunInfo>
      <RunInfo computerName="ubuntu-4gb-nbg1-1" outcome="Error" timestamp="2025-12-29T01:11:50.6446425+00:00">
        <Text>[xUnit.net 00:00:02.99]     CommandGenerator.Tests.Generator.FieldResetTests.SimpleArray_ShouldUseArrayClear [FAIL]</Text>
      </RunInfo>
      <RunInfo computerName="ubuntu-4gb-nbg1-1" outcome="Error" timestamp="2025-12-29T01:11:50.7123189+00:00">
        <Text>[xUnit.net 00:00:03.05]     CommandGenerator.Tests.Generator.FieldResetTests.StructField_ShouldResetToDefault [FAIL]</Text>
      </RunInfo>
      <RunInfo computerName="ubuntu-4gb-nbg1-1" outcome="Error" timestamp="2025-12-29T01:11:50.7478989+00:00">
        <Text>[xUnit.net 00:00:03.09]     CommandGenerator.Tests.Generator.FieldResetTests.ReferenceTypeWithoutInitializer_ShouldResetToDefaultBang [FAIL]</Text>
      </RunInfo>
      <RunInfo computerName="ubuntu-4gb-nbg1-1" outcome="Error" timestamp="2025-12-29T01:11:50.8083043+00:00">
        <Text>[xUnit.net 00:00:03.15]     CommandGenerator.Tests.Generator.FieldResetTests.ConstField_ShouldNotBeReset [FAIL]</Text>
      </RunInfo>
      <RunInfo computerName="ubuntu-4gb-nbg1-1" outcome="Error" timestamp="2025-12-29T01:11:50.8733203+00:00">
        <Text>[xUnit.net 00:00:03.22]     CommandGenerator.Tests.Generator.FieldResetTests.NullableValueField_ShouldResetToDefault [FAIL]</Text>
      </RunInfo>
      <RunInfo computerName="ubuntu-4gb-nbg1-1" outcome="Error" timestamp="2025-12-29T01:11:50.9263648+00:00">
        <Text>[xUnit.net 00:00:03.27]     CommandGenerator.Tests.Generator.FieldResetTests.NullableReferenceField_ShouldResetToDefaultBang [FAIL]</Text>
      </RunInfo>
      <RunInfo computerName="ubuntu-4gb-nbg1-1" outcome="Error" timestamp="2025-12-29T01:11:51.0987563+00:00">
        <Text>[xUnit.net 00:00:03.44]     CommandGenerator.Tests.Generator.CommandGeneratorAdvancedTests.GeneratedCode_ShouldCompileWithoutErrors [FAIL]</Text>
      </RunInfo>
      <RunInfo computerName="ubuntu-4gb-nbg1-1" outcome="Error" timestamp="2025-12-29T01:11:51.2427353+00:00">
        <Text>[xUnit.net 00:00:03.59]     CommandGenerator.Tests.Generator.CommandGeneratorAdvancedTests.FieldReset_Array_ShouldGenerateArrayClear [FAIL]</Text>
      </RunInfo>
      <RunInfo computerName="ubuntu-4gb-nbg1-1" outcome="Error" timestamp="2025-12-29T01:11:51.5004868+00:00">
        <Text>[xUnit.net 00:00:03.84]     CommandGenerator.Tests.Generator.CommandGeneratorAdvancedTests.FieldReset_MultipleCollections_ShouldGenerateAllClears [FAIL]</Text>
      </RunInfo>
      <RunInfo computerName="ubuntu-4gb-nbg1-1" outcome="Error" timestamp="2025-12-29T01:11:51.6093853+00:00">
        <Text>[xUnit.net 00:00:03.95]     CommandGenerator.Tests.Generator.CommandGeneratorAdvancedTests.FieldReset_List_ShouldGenerateClear [FAIL]</Text>
      </RunInfo>
      <RunInfo computerName="ubuntu-4gb-nbg1-1" outcome="Error" timestamp="2025-12-29T01:11:52.1596241+00:00">
        <Text>[xUnit.net 00:00:04.50]     CommandGenerator.Tests.Generator.CommandGeneratorAdvancedTests.FieldReset_Stack_ShouldGenerateClear [FAIL]</Text>
      </RunInfo>
      <RunInfo computerName="ubuntu-4gb-nbg1-1" outcome="Error" timestamp="2025-12-29T01:11:52.2464843+00:00">
        <Text>[xUnit.net 00:00:04.59]     CommandGenerator.Tests.Generator.CommandGeneratorAdvancedTests.PoolInitialCapacity_ShouldUseMaxWhenMultipleQueues [FAIL]</Text>
      </RunInfo>
      <RunInfo computerName="ubuntu-4gb-nbg1-1" outcome="Error" timestamp="2025-12-29T01:11:52.3632629+00:00">
        <Text>[xUnit.net 00:00:04.71]     CommandGenerator.Tests.Generator.CommandGeneratorAdvancedTests.FieldReset_Queue_ShouldGenerateClear [FAIL]</Text>
      </RunInfo>
      <RunInfo computerName="ubuntu-4gb-nbg1-1" outcome="Error" timestamp="2025-12-29T01:11:52.5924511+00:00">
        <Text>[xUnit.net 00:00:04.94]     CommandGenerator.Tests.Generator.CommandGeneratorAdvancedTests.Priority_DefaultShouldBeZero [FAIL]</Text>
      </RunInfo>
      <RunInfo computerName="ubuntu-4gb-nbg1-1" outcome="Error" timestamp="2025-12-29T01:11:52.7660738+00:00">
        <Text>[xUnit.net 00:00:05.11]     CommandGenerator.Tests.Generator.CommandGeneratorAdvancedTests.Priority_ShouldBeSetFromAttribute [FAIL]</Text>
      </RunInfo>
      <RunInfo computerName="ubuntu-4gb-nbg1-1" outcome="Error" timestamp="2025-12-29T01:11:52.8378653+00:00">
        <Text>[xUnit.net 00:00:05.18]     CommandGenerator.Tests.Generator.CommandGeneratorAdvancedTests.PoolInitialCapacity_DefaultShouldBeEight [FAIL]</Text>
      </RunInfo>
      <RunInfo computerName="ubuntu-4gb-nbg1-1" outcome="Error" timestamp="2025-12-29T01:11:52.9816029+00:00">
        <Text>[xUnit.net 00:00:05.32]     CommandGenerator.Tests.Generator.CommandGeneratorAdvancedTests.FieldReset_HashSet_ShouldGenerateClear [FAIL]</Text>
      </RunInfo>
      <RunInfo computerName="ubuntu-4gb-nbg1-1" outcome="Error" timestamp="2025-12-29T01:11:53.3627143+00:00">
        <Text>[xUnit.net 00:00:05.71]     CommandGenerator.Tests.Generator.CommandGeneratorAdvancedTests.FieldReset_Dictionary_ShouldGenerateClear [FAIL]</Text>
      </RunInfo>
      <RunInfo computerName="ubuntu-4gb-nbg1-1" outcome="Error" timestamp="2025-12-29T01:11:53.6933498+00:00">
        <Text>[xUnit.net 00:00:06.03]     CommandGenerator.Tests.Generator.DiagnosticTests.NonPartialCommandQueue_CurrentBehavior_SkipsGenerationSilently [FAIL]</Text>
      </RunInfo>
    </RunInfos>
  </ResultSummary>
</TestRun>